26/07/21 12:46:27 WARN Utils: Your hostname, sql-analysis-0 resolves to a loopback address: 127.0.0.1; using 172.22.0.4 instead (on interface eth0)
26/07/21 12:46:27 WARN Utils: Set SPARK_LOCAL_IP if you need to bind to another address
Setting default log level to "WARN".
To adjust logging level use sc.setLogLevel(newLevel). For SparkR, use setLogLevel(newLevel).
26/07/21 12:46:28 WARN NativeCodeLoader: Unable to load native-hadoop library for your platform... using builtin-java classes where applicable
Spark master: local[2], Application Id: local-1784637993206
Time taken: 5.002 seconds
Time taken: 0.202 seconds
26/07/21 12:46:44 WARN package: Truncated the string representation of a plan since it was too large. This behavior can be adjusted by setting 'spark.sql.debug.maxToStringFields'.
26/07/21 12:46:48 ERROR AbstractRahaGenericUdf: Raha UDF 获取 SparkSession 失败
java.lang.IllegalStateException: SparkSession should only be created and accessed on the driver.
	at org.apache.spark.sql.SparkSession$.org$apache$spark$sql$SparkSession$$assertOnDriver(SparkSession.scala:1158)
	at org.apache.spark.sql.SparkSession$Builder.getOrCreate(SparkSession.scala:927)
	at com.fiberhome.ml.raha.udf.AbstractRahaGenericUdf.resolveSqlContext(AbstractRahaGenericUdf.java:157)
	at com.fiberhome.ml.raha.udf.AbstractRahaGenericUdf.initialize(AbstractRahaGenericUdf.java:38)
	at com.fiberhome.ml.raha.udf.AbstractRahaGenericUdf.initializeAndFoldConstants(AbstractRahaGenericUdf.java:76)
	at org.apache.spark.sql.hive.HiveGenericUDF.returnInspector$lzycompute(hiveUDFs.scala:154)
	at org.apache.spark.sql.hive.HiveGenericUDF.returnInspector(hiveUDFs.scala:153)
	at org.apache.spark.sql.hive.HiveGenericUDF.eval(hiveUDFs.scala:174)
	at org.apache.spark.sql.catalyst.expressions.GeneratedClass$SpecificUnsafeProjection.apply(Unknown Source)
	at org.apache.spark.sql.catalyst.expressions.GeneratedClass$SpecificUnsafeProjection.apply(Unknown Source)
	at scala.collection.Iterator$$anon$10.next(Iterator.scala:461)
	at org.apache.spark.sql.execution.SparkPlan.$anonfun$getByteArrayRdd$1(SparkPlan.scala:365)
	at org.apache.spark.rdd.RDD.$anonfun$mapPartitionsInternal$2(RDD.scala:890)
	at org.apache.spark.rdd.RDD.$anonfun$mapPartitionsInternal$2$adapted(RDD.scala:890)
	at org.apache.spark.rdd.MapPartitionsRDD.compute(MapPartitionsRDD.scala:52)
	at org.apache.spark.rdd.RDD.computeOrReadCheckpoint(RDD.scala:365)
	at org.apache.spark.rdd.RDD.iterator(RDD.scala:329)
	at org.apache.spark.scheduler.ResultTask.runTask(ResultTask.scala:90)
	at org.apache.spark.scheduler.Task.run(Task.scala:136)
	at org.apache.spark.executor.Executor$TaskRunner.$anonfun$run$3(Executor.scala:548)
	at org.apache.spark.util.Utils$.tryWithSafeFinally(Utils.scala:1504)
	at org.apache.spark.executor.Executor$TaskRunner.run(Executor.scala:551)
	at java.base/java.util.concurrent.ThreadPoolExecutor.runWorker(Unknown Source)
	at java.base/java.util.concurrent.ThreadPoolExecutor$Worker.run(Unknown Source)
	at java.base/java.lang.Thread.run(Unknown Source)
26/07/21 12:46:48 WARN AbstractRahaGenericUdf: Raha UDF 已通过本地 task 线程兼容逻辑复用 SparkSession，仅适用于 spark-sql 本地执行验证
java.lang.IllegalStateException: SparkSession should only be created and accessed on the driver.
	at org.apache.spark.sql.SparkSession$.org$apache$spark$sql$SparkSession$$assertOnDriver(SparkSession.scala:1158)
	at org.apache.spark.sql.SparkSession$Builder.getOrCreate(SparkSession.scala:927)
	at com.fiberhome.ml.raha.udf.AbstractRahaGenericUdf.resolveSqlContext(AbstractRahaGenericUdf.java:157)
	at com.fiberhome.ml.raha.udf.AbstractRahaGenericUdf.initialize(AbstractRahaGenericUdf.java:38)
	at com.fiberhome.ml.raha.udf.AbstractRahaGenericUdf.initializeAndFoldConstants(AbstractRahaGenericUdf.java:76)
	at org.apache.spark.sql.hive.HiveGenericUDF.returnInspector$lzycompute(hiveUDFs.scala:154)
	at org.apache.spark.sql.hive.HiveGenericUDF.returnInspector(hiveUDFs.scala:153)
	at org.apache.spark.sql.hive.HiveGenericUDF.eval(hiveUDFs.scala:174)
	at org.apache.spark.sql.catalyst.expressions.GeneratedClass$SpecificUnsafeProjection.apply(Unknown Source)
	at org.apache.spark.sql.catalyst.expressions.GeneratedClass$SpecificUnsafeProjection.apply(Unknown Source)
	at scala.collection.Iterator$$anon$10.next(Iterator.scala:461)
	at org.apache.spark.sql.execution.SparkPlan.$anonfun$getByteArrayRdd$1(SparkPlan.scala:365)
	at org.apache.spark.rdd.RDD.$anonfun$mapPartitionsInternal$2(RDD.scala:890)
	at org.apache.spark.rdd.RDD.$anonfun$mapPartitionsInternal$2$adapted(RDD.scala:890)
	at org.apache.spark.rdd.MapPartitionsRDD.compute(MapPartitionsRDD.scala:52)
	at org.apache.spark.rdd.RDD.computeOrReadCheckpoint(RDD.scala:365)
	at org.apache.spark.rdd.RDD.iterator(RDD.scala:329)
	at org.apache.spark.scheduler.ResultTask.runTask(ResultTask.scala:90)
	at org.apache.spark.scheduler.Task.run(Task.scala:136)
	at org.apache.spark.executor.Executor$TaskRunner.$anonfun$run$3(Executor.scala:548)
	at org.apache.spark.util.Utils$.tryWithSafeFinally(Utils.scala:1504)
	at org.apache.spark.executor.Executor$TaskRunner.run(Executor.scala:551)
	at java.base/java.util.concurrent.ThreadPoolExecutor.runWorker(Unknown Source)
	at java.base/java.util.concurrent.ThreadPoolExecutor$Worker.run(Unknown Source)
	at java.base/java.lang.Thread.run(Unknown Source)
26/07/21 12:46:48 ERROR FmdbSchemaInitializer: FMDB 默认表初始化失败，schemaResource=db/fmdb/raha-fmdb-schema.sql，statementIndex=2
java.lang.NullPointerException
	at org.apache.spark.sql.execution.command.CreateDataSourceTableCommand.run(createDataSourceTables.scala:52)
	at org.apache.spark.sql.execution.command.ExecutedCommandExec.sideEffectResult$lzycompute(commands.scala:75)
	at org.apache.spark.sql.execution.command.ExecutedCommandExec.sideEffectResult(commands.scala:73)
	at org.apache.spark.sql.execution.command.ExecutedCommandExec.executeCollect(commands.scala:84)
	at org.apache.spark.sql.execution.QueryExecution$$anonfun$eagerlyExecuteCommands$1.$anonfun$applyOrElse$1(QueryExecution.scala:98)
	at org.apache.spark.sql.execution.SQLExecution$.$anonfun$withNewExecutionId$6(SQLExecution.scala:109)
	at org.apache.spark.sql.execution.SQLExecution$.withSQLConfPropagated(SQLExecution.scala:169)
	at org.apache.spark.sql.execution.SQLExecution$.$anonfun$withNewExecutionId$1(SQLExecution.scala:95)
	at org.apache.spark.sql.SparkSession.withActive(SparkSession.scala:779)
	at org.apache.spark.sql.execution.SQLExecution$.withNewExecutionId(SQLExecution.scala:64)
	at org.apache.spark.sql.execution.QueryExecution$$anonfun$eagerlyExecuteCommands$1.applyOrElse(QueryExecution.scala:98)
	at org.apache.spark.sql.execution.QueryExecution$$anonfun$eagerlyExecuteCommands$1.applyOrElse(QueryExecution.scala:94)
	at org.apache.spark.sql.catalyst.trees.TreeNode.$anonfun$transformDownWithPruning$1(TreeNode.scala:584)
	at org.apache.spark.sql.catalyst.trees.CurrentOrigin$.withOrigin(TreeNode.scala:176)
	at org.apache.spark.sql.catalyst.trees.TreeNode.transformDownWithPruning(TreeNode.scala:584)
	at org.apache.spark.sql.catalyst.plans.logical.LogicalPlan.org$apache$spark$sql$catalyst$plans$logical$AnalysisHelper$$super$transformDownWithPruning(LogicalPlan.scala:30)
	at org.apache.spark.sql.catalyst.plans.logical.AnalysisHelper.transformDownWithPruning(AnalysisHelper.scala:267)
	at org.apache.spark.sql.catalyst.plans.logical.AnalysisHelper.transformDownWithPruning$(AnalysisHelper.scala:263)
	at org.apache.spark.sql.catalyst.plans.logical.LogicalPlan.transformDownWithPruning(LogicalPlan.scala:30)
	at org.apache.spark.sql.catalyst.plans.logical.LogicalPlan.transformDownWithPruning(LogicalPlan.scala:30)
	at org.apache.spark.sql.catalyst.trees.TreeNode.transformDown(TreeNode.scala:560)
	at org.apache.spark.sql.execution.QueryExecution.eagerlyExecuteCommands(QueryExecution.scala:94)
	at org.apache.spark.sql.execution.QueryExecution.commandExecuted$lzycompute(QueryExecution.scala:81)
	at org.apache.spark.sql.execution.QueryExecution.commandExecuted(QueryExecution.scala:79)
	at org.apache.spark.sql.Dataset.<init>(Dataset.scala:220)
	at org.apache.spark.sql.Dataset$.$anonfun$ofRows$2(Dataset.scala:100)
	at org.apache.spark.sql.SparkSession.withActive(SparkSession.scala:779)
	at org.apache.spark.sql.Dataset$.ofRows(Dataset.scala:97)
	at org.apache.spark.sql.SparkSession.$anonfun$sql$1(SparkSession.scala:622)
	at org.apache.spark.sql.SparkSession.withActive(SparkSession.scala:779)
	at org.apache.spark.sql.SparkSession.sql(SparkSession.scala:617)
	at com.fiberhome.ml.raha.repository.adapter.fmdb.schema.FmdbSchemaInitializer.initialize(FmdbSchemaInitializer.java:82)
	at com.fiberhome.ml.raha.repository.adapter.fmdb.gateway.SparkSqlFmdbTableGateway.<init>(SparkSqlFmdbTableGateway.java:65)
	at com.fiberhome.ml.raha.service.task.RahaTaskApplicationServiceFactory.createRuntimeInfrastructure(RahaTaskApplicationServiceFactory.java:454)
	at com.fiberhome.ml.raha.service.task.RahaTaskApplicationServiceFactory.createDefaultComponents(RahaTaskApplicationServiceFactory.java:386)
	at com.fiberhome.ml.raha.service.task.RahaTaskApplicationServiceFactory.createDefaultComponents(RahaTaskApplicationServiceFactory.java:356)
	at com.fiberhome.ml.raha.service.task.RahaTaskApplicationServiceFactory.createDefault(RahaTaskApplicationServiceFactory.java:205)
	at com.fiberhome.ml.raha.udf.RahaDetectionUdfService.create(RahaDetectionUdfService.java:151)
	at com.fiberhome.ml.raha.udf.RahaUdfRuntime.service(RahaUdfRuntime.java:27)
	at com.fiberhome.ml.raha.udf.AbstractRahaGenericUdf.evaluate(AbstractRahaGenericUdf.java:61)
	at org.apache.spark.sql.hive.HiveGenericUDF.eval(hiveUDFs.scala:184)
	at org.apache.spark.sql.catalyst.expressions.GeneratedClass$SpecificUnsafeProjection.apply(Unknown Source)
	at org.apache.spark.sql.catalyst.expressions.GeneratedClass$SpecificUnsafeProjection.apply(Unknown Source)
	at scala.collection.Iterator$$anon$10.next(Iterator.scala:461)
	at org.apache.spark.sql.execution.SparkPlan.$anonfun$getByteArrayRdd$1(SparkPlan.scala:365)
	at org.apache.spark.rdd.RDD.$anonfun$mapPartitionsInternal$2(RDD.scala:890)
	at org.apache.spark.rdd.RDD.$anonfun$mapPartitionsInternal$2$adapted(RDD.scala:890)
	at org.apache.spark.rdd.MapPartitionsRDD.compute(MapPartitionsRDD.scala:52)
	at org.apache.spark.rdd.RDD.computeOrReadCheckpoint(RDD.scala:365)
	at org.apache.spark.rdd.RDD.iterator(RDD.scala:329)
	at org.apache.spark.scheduler.ResultTask.runTask(ResultTask.scala:90)
	at org.apache.spark.scheduler.Task.run(Task.scala:136)
	at org.apache.spark.executor.Executor$TaskRunner.$anonfun$run$3(Executor.scala:548)
	at org.apache.spark.util.Utils$.tryWithSafeFinally(Utils.scala:1504)
	at org.apache.spark.executor.Executor$TaskRunner.run(Executor.scala:551)
	at java.base/java.util.concurrent.ThreadPoolExecutor.runWorker(Unknown Source)
	at java.base/java.util.concurrent.ThreadPoolExecutor$Worker.run(Unknown Source)
	at java.base/java.lang.Thread.run(Unknown Source)
26/07/21 12:46:48 ERROR AbstractRahaGenericUdf: F_DW_DETCOLLECT 执行失败
java.lang.IllegalStateException: FMDB 默认表初始化失败，语句序号：2
	at com.fiberhome.ml.raha.repository.adapter.fmdb.schema.FmdbSchemaInitializer.initialize(FmdbSchemaInitializer.java:86)
	at com.fiberhome.ml.raha.repository.adapter.fmdb.gateway.SparkSqlFmdbTableGateway.<init>(SparkSqlFmdbTableGateway.java:65)
	at com.fiberhome.ml.raha.service.task.RahaTaskApplicationServiceFactory.createRuntimeInfrastructure(RahaTaskApplicationServiceFactory.java:454)
	at com.fiberhome.ml.raha.service.task.RahaTaskApplicationServiceFactory.createDefaultComponents(RahaTaskApplicationServiceFactory.java:386)
	at com.fiberhome.ml.raha.service.task.RahaTaskApplicationServiceFactory.createDefaultComponents(RahaTaskApplicationServiceFactory.java:356)
	at com.fiberhome.ml.raha.service.task.RahaTaskApplicationServiceFactory.createDefault(RahaTaskApplicationServiceFactory.java:205)
	at com.fiberhome.ml.raha.udf.RahaDetectionUdfService.create(RahaDetectionUdfService.java:151)
	at com.fiberhome.ml.raha.udf.RahaUdfRuntime.service(RahaUdfRuntime.java:27)
	at com.fiberhome.ml.raha.udf.AbstractRahaGenericUdf.evaluate(AbstractRahaGenericUdf.java:61)
	at org.apache.spark.sql.hive.HiveGenericUDF.eval(hiveUDFs.scala:184)
	at org.apache.spark.sql.catalyst.expressions.GeneratedClass$SpecificUnsafeProjection.apply(Unknown Source)
	at org.apache.spark.sql.catalyst.expressions.GeneratedClass$SpecificUnsafeProjection.apply(Unknown Source)
	at scala.collection.Iterator$$anon$10.next(Iterator.scala:461)
	at org.apache.spark.sql.execution.SparkPlan.$anonfun$getByteArrayRdd$1(SparkPlan.scala:365)
	at org.apache.spark.rdd.RDD.$anonfun$mapPartitionsInternal$2(RDD.scala:890)
	at org.apache.spark.rdd.RDD.$anonfun$mapPartitionsInternal$2$adapted(RDD.scala:890)
	at org.apache.spark.rdd.MapPartitionsRDD.compute(MapPartitionsRDD.scala:52)
	at org.apache.spark.rdd.RDD.computeOrReadCheckpoint(RDD.scala:365)
	at org.apache.spark.rdd.RDD.iterator(RDD.scala:329)
	at org.apache.spark.scheduler.ResultTask.runTask(ResultTask.scala:90)
	at org.apache.spark.scheduler.Task.run(Task.scala:136)
	at org.apache.spark.executor.Executor$TaskRunner.$anonfun$run$3(Executor.scala:548)
	at org.apache.spark.util.Utils$.tryWithSafeFinally(Utils.scala:1504)
	at org.apache.spark.executor.Executor$TaskRunner.run(Executor.scala:551)
	at java.base/java.util.concurrent.ThreadPoolExecutor.runWorker(Unknown Source)
	at java.base/java.util.concurrent.ThreadPoolExecutor$Worker.run(Unknown Source)
	at java.base/java.lang.Thread.run(Unknown Source)
Caused by: java.lang.NullPointerException
	at org.apache.spark.sql.execution.command.CreateDataSourceTableCommand.run(createDataSourceTables.scala:52)
	at org.apache.spark.sql.execution.command.ExecutedCommandExec.sideEffectResult$lzycompute(commands.scala:75)
	at org.apache.spark.sql.execution.command.ExecutedCommandExec.sideEffectResult(commands.scala:73)
	at org.apache.spark.sql.execution.command.ExecutedCommandExec.executeCollect(commands.scala:84)
	at org.apache.spark.sql.execution.QueryExecution$$anonfun$eagerlyExecuteCommands$1.$anonfun$applyOrElse$1(QueryExecution.scala:98)
	at org.apache.spark.sql.execution.SQLExecution$.$anonfun$withNewExecutionId$6(SQLExecution.scala:109)
	at org.apache.spark.sql.execution.SQLExecution$.withSQLConfPropagated(SQLExecution.scala:169)
	at org.apache.spark.sql.execution.SQLExecution$.$anonfun$withNewExecutionId$1(SQLExecution.scala:95)
	at org.apache.spark.sql.SparkSession.withActive(SparkSession.scala:779)
	at org.apache.spark.sql.execution.SQLExecution$.withNewExecutionId(SQLExecution.scala:64)
	at org.apache.spark.sql.execution.QueryExecution$$anonfun$eagerlyExecuteCommands$1.applyOrElse(QueryExecution.scala:98)
	at org.apache.spark.sql.execution.QueryExecution$$anonfun$eagerlyExecuteCommands$1.applyOrElse(QueryExecution.scala:94)
	at org.apache.spark.sql.catalyst.trees.TreeNode.$anonfun$transformDownWithPruning$1(TreeNode.scala:584)
	at org.apache.spark.sql.catalyst.trees.CurrentOrigin$.withOrigin(TreeNode.scala:176)
	at org.apache.spark.sql.catalyst.trees.TreeNode.transformDownWithPruning(TreeNode.scala:584)
	at org.apache.spark.sql.catalyst.plans.logical.LogicalPlan.org$apache$spark$sql$catalyst$plans$logical$AnalysisHelper$$super$transformDownWithPruning(LogicalPlan.scala:30)
	at org.apache.spark.sql.catalyst.plans.logical.AnalysisHelper.transformDownWithPruning(AnalysisHelper.scala:267)
	at org.apache.spark.sql.catalyst.plans.logical.AnalysisHelper.transformDownWithPruning$(AnalysisHelper.scala:263)
	at org.apache.spark.sql.catalyst.plans.logical.LogicalPlan.transformDownWithPruning(LogicalPlan.scala:30)
	at org.apache.spark.sql.catalyst.plans.logical.LogicalPlan.transformDownWithPruning(LogicalPlan.scala:30)
	at org.apache.spark.sql.catalyst.trees.TreeNode.transformDown(TreeNode.scala:560)
	at org.apache.spark.sql.execution.QueryExecution.eagerlyExecuteCommands(QueryExecution.scala:94)
	at org.apache.spark.sql.execution.QueryExecution.commandExecuted$lzycompute(QueryExecution.scala:81)
	at org.apache.spark.sql.execution.QueryExecution.commandExecuted(QueryExecution.scala:79)
	at org.apache.spark.sql.Dataset.<init>(Dataset.scala:220)
	at org.apache.spark.sql.Dataset$.$anonfun$ofRows$2(Dataset.scala:100)
	at org.apache.spark.sql.SparkSession.withActive(SparkSession.scala:779)
	at org.apache.spark.sql.Dataset$.ofRows(Dataset.scala:97)
	at org.apache.spark.sql.SparkSession.$anonfun$sql$1(SparkSession.scala:622)
	at org.apache.spark.sql.SparkSession.withActive(SparkSession.scala:779)
	at org.apache.spark.sql.SparkSession.sql(SparkSession.scala:617)
	at com.fiberhome.ml.raha.repository.adapter.fmdb.schema.FmdbSchemaInitializer.initialize(FmdbSchemaInitializer.java:82)
	... 26 more
[{"status":"FAILED","errorcode":"UNEXPECTED_ERROR","errormessage":"FMDB 默认表初始化失败，语句序号：2","datasetid":null,"snapshotid":null,"sourcetype":null,"inputreference":null,"createdat":1784638008941,"jobid":null,"configversion":null,"idempotentkey":null,"reused":null,"forcerun":null,"forcerunid":null,"baseexecutioninputfingerprint":null,"executioninputfingerprint":null,"currentselectrule":null,"sourceversion":null,"schemahash":null,"rowcount":null,"fieldcount":null,"validfieldcount":null,"samplebatchid":null,"samplerecordcount":null,"annotationtaskcount":null,"clustercount":null,"clusteredfieldcount":null,"annotationexcelname":null,"annotationzipname":null,"annotationzipurl":null,"partitionmonth":null}]
Time taken: 5.365 seconds, Fetched 1 row(s)
