26/07/21 13:53:24 WARN Utils: Your hostname, sql-analysis-0 resolves to a loopback address: 127.0.0.1; using 172.22.0.4 instead (on interface eth0)
26/07/21 13:53:24 WARN Utils: Set SPARK_LOCAL_IP if you need to bind to another address
Setting default log level to "WARN".
To adjust logging level use sc.setLogLevel(newLevel). For SparkR, use setLogLevel(newLevel).
26/07/21 13:53:25 WARN NativeCodeLoader: Unable to load native-hadoop library for your platform... using builtin-java classes where applicable
Spark master: local[2], Application Id: local-1784642008388
Time taken: 2.976 seconds
Time taken: 0.136 seconds
26/07/21 13:53:35 WARN package: Truncated the string representation of a plan since it was too large. This behavior can be adjusted by setting 'spark.sql.debug.maxToStringFields'.
26/07/21 13:53:37 ERROR AbstractRahaGenericUdf: Raha UDF 获取 SparkSession 失败
java.lang.IllegalStateException: SparkSession should only be created and accessed on the driver.
	at org.apache.spark.sql.SparkSession$.org$apache$spark$sql$SparkSession$$assertOnDriver(SparkSession.scala:1158)
	at org.apache.spark.sql.SparkSession$Builder.getOrCreate(SparkSession.scala:927)
	at com.fiberhome.ml.raha.udf.AbstractRahaGenericUdf.resolveSqlContext(AbstractRahaGenericUdf.java:194)
	at com.fiberhome.ml.raha.udf.AbstractRahaGenericUdf.initialize(AbstractRahaGenericUdf.java:41)
	at com.fiberhome.ml.raha.udf.AbstractRahaGenericUdf.initializeAndFoldConstants(AbstractRahaGenericUdf.java:77)
	at org.apache.spark.sql.hive.HiveGenericUDF.returnInspector$lzycompute(hiveUDFs.scala:154)
	at org.apache.spark.sql.hive.HiveGenericUDF.returnInspector(hiveUDFs.scala:153)
	at org.apache.spark.sql.hive.HiveGenericUDF.eval(hiveUDFs.scala:174)
	at org.apache.spark.sql.catalyst.expressions.GeneratedClass$SpecificUnsafeProjection.apply(Unknown Source)
	at org.apache.spark.sql.catalyst.expressions.GeneratedClass$SpecificUnsafeProjection.apply(Unknown Source)
	at scala.collection.Iterator$$anon$10.next(Iterator.scala:461)
	at org.apache.spark.sql.execution.SparkPlan.$anonfun$getByteArrayRdd$1(SparkPlan.scala:365)
	at org.apache.spark.rdd.RDD.$anonfun$mapPartitionsInternal$2(RDD.scala:890)
	at org.apache.spark.rdd.RDD.$anonfun$mapPartitionsInternal$2$adapted(RDD.scala:890)
	at org.apache.spark.rdd.MapPartitionsRDD.compute(MapPartitionsRDD.scala:52)
	at org.apache.spark.rdd.RDD.computeOrReadCheckpoint(RDD.scala:365)
	at org.apache.spark.rdd.RDD.iterator(RDD.scala:329)
	at org.apache.spark.scheduler.ResultTask.runTask(ResultTask.scala:90)
	at org.apache.spark.scheduler.Task.run(Task.scala:136)
	at org.apache.spark.executor.Executor$TaskRunner.$anonfun$run$3(Executor.scala:548)
	at org.apache.spark.util.Utils$.tryWithSafeFinally(Utils.scala:1504)
	at org.apache.spark.executor.Executor$TaskRunner.run(Executor.scala:551)
	at java.base/java.util.concurrent.ThreadPoolExecutor.runWorker(Unknown Source)
	at java.base/java.util.concurrent.ThreadPoolExecutor$Worker.run(Unknown Source)
	at java.base/java.lang.Thread.run(Unknown Source)
26/07/21 13:53:37 WARN AbstractRahaGenericUdf: Raha UDF 已通过本地 task 线程兼容逻辑复用 SparkSession，仅适用于 spark-sql 本地执行验证
java.lang.IllegalStateException: SparkSession should only be created and accessed on the driver.
	at org.apache.spark.sql.SparkSession$.org$apache$spark$sql$SparkSession$$assertOnDriver(SparkSession.scala:1158)
	at org.apache.spark.sql.SparkSession$Builder.getOrCreate(SparkSession.scala:927)
	at com.fiberhome.ml.raha.udf.AbstractRahaGenericUdf.resolveSqlContext(AbstractRahaGenericUdf.java:194)
	at com.fiberhome.ml.raha.udf.AbstractRahaGenericUdf.initialize(AbstractRahaGenericUdf.java:41)
	at com.fiberhome.ml.raha.udf.AbstractRahaGenericUdf.initializeAndFoldConstants(AbstractRahaGenericUdf.java:77)
	at org.apache.spark.sql.hive.HiveGenericUDF.returnInspector$lzycompute(hiveUDFs.scala:154)
	at org.apache.spark.sql.hive.HiveGenericUDF.returnInspector(hiveUDFs.scala:153)
	at org.apache.spark.sql.hive.HiveGenericUDF.eval(hiveUDFs.scala:174)
	at org.apache.spark.sql.catalyst.expressions.GeneratedClass$SpecificUnsafeProjection.apply(Unknown Source)
	at org.apache.spark.sql.catalyst.expressions.GeneratedClass$SpecificUnsafeProjection.apply(Unknown Source)
	at scala.collection.Iterator$$anon$10.next(Iterator.scala:461)
	at org.apache.spark.sql.execution.SparkPlan.$anonfun$getByteArrayRdd$1(SparkPlan.scala:365)
	at org.apache.spark.rdd.RDD.$anonfun$mapPartitionsInternal$2(RDD.scala:890)
	at org.apache.spark.rdd.RDD.$anonfun$mapPartitionsInternal$2$adapted(RDD.scala:890)
	at org.apache.spark.rdd.MapPartitionsRDD.compute(MapPartitionsRDD.scala:52)
	at org.apache.spark.rdd.RDD.computeOrReadCheckpoint(RDD.scala:365)
	at org.apache.spark.rdd.RDD.iterator(RDD.scala:329)
	at org.apache.spark.scheduler.ResultTask.runTask(ResultTask.scala:90)
	at org.apache.spark.scheduler.Task.run(Task.scala:136)
	at org.apache.spark.executor.Executor$TaskRunner.$anonfun$run$3(Executor.scala:548)
	at org.apache.spark.util.Utils$.tryWithSafeFinally(Utils.scala:1504)
	at org.apache.spark.executor.Executor$TaskRunner.run(Executor.scala:551)
	at java.base/java.util.concurrent.ThreadPoolExecutor.runWorker(Unknown Source)
	at java.base/java.util.concurrent.ThreadPoolExecutor$Worker.run(Unknown Source)
	at java.base/java.lang.Thread.run(Unknown Source)
26/07/21 13:53:39 WARN HadoopFSUtils: The directory hdfs://hdfs:9000/user/hive/warehouse/dw.db/raha_sample_record/dataset_id=person_info/partition_month=2026-07 was not found. Was it deleted very recently?
26/07/21 13:53:42 WARN HadoopFSUtils: The directory hdfs://hdfs:9000/user/hive/warehouse/dw.db/raha_annotation_record/dataset_id=person_info/partition_month=2026-07 was not found. Was it deleted very recently?
26/07/21 13:53:51 WARN SessionState: METASTORE_FILTER_HOOK will be ignored, since hive.security.authorization.manager is set to instance of HiveAuthorizerFactory.
26/07/21 13:53:51 WARN RetryingMetaStoreClient: MetaStoreClient lost connection. Attempting to reconnect (1 of 1) after 1s. listPartitionsWithAuthInfo
org.apache.thrift.transport.TTransportException: Cannot write to null outputStream
	at org.apache.thrift.transport.TIOStreamTransport.write(TIOStreamTransport.java:142)
	at org.apache.thrift.protocol.TBinaryProtocol.writeI32(TBinaryProtocol.java:185)
	at org.apache.thrift.protocol.TBinaryProtocol.writeMessageBegin(TBinaryProtocol.java:116)
	at org.apache.thrift.TServiceClient.sendBase(TServiceClient.java:70)
	at org.apache.thrift.TServiceClient.sendBase(TServiceClient.java:62)
	at org.apache.hadoop.hive.metastore.api.ThriftHiveMetastore$Client.send_get_partitions_ps_with_auth(ThriftHiveMetastore.java:2562)
	at org.apache.hadoop.hive.metastore.api.ThriftHiveMetastore$Client.get_partitions_ps_with_auth(ThriftHiveMetastore.java:2549)
	at org.apache.hadoop.hive.metastore.HiveMetaStoreClient.listPartitionsWithAuthInfo(HiveMetaStoreClient.java:1207)
	at java.base/jdk.internal.reflect.NativeMethodAccessorImpl.invoke0(Native Method)
	at java.base/jdk.internal.reflect.NativeMethodAccessorImpl.invoke(Unknown Source)
	at java.base/jdk.internal.reflect.DelegatingMethodAccessorImpl.invoke(Unknown Source)
	at java.base/java.lang.reflect.Method.invoke(Unknown Source)
	at org.apache.hadoop.hive.metastore.RetryingMetaStoreClient.invoke(RetryingMetaStoreClient.java:173)
	at com.sun.proxy.$Proxy38.listPartitionsWithAuthInfo(Unknown Source)
	at java.base/jdk.internal.reflect.NativeMethodAccessorImpl.invoke0(Native Method)
	at java.base/jdk.internal.reflect.NativeMethodAccessorImpl.invoke(Unknown Source)
	at java.base/jdk.internal.reflect.DelegatingMethodAccessorImpl.invoke(Unknown Source)
	at java.base/java.lang.reflect.Method.invoke(Unknown Source)
	at org.apache.hadoop.hive.metastore.HiveMetaStoreClient$SynchronizedHandler.invoke(HiveMetaStoreClient.java:2327)
	at com.sun.proxy.$Proxy38.listPartitionsWithAuthInfo(Unknown Source)
	at org.apache.hadoop.hive.ql.metadata.Hive.getPartitions(Hive.java:2562)
	at org.apache.hadoop.hive.ql.metadata.Hive.getPartitions(Hive.java:2588)
	at org.apache.spark.sql.hive.client.Shim_v0_12.getPartitions(HiveShim.scala:655)
	at org.apache.spark.sql.hive.client.HiveClientImpl.$anonfun$getPartitions$3(HiveClientImpl.scala:771)
	at org.apache.spark.sql.hive.client.HiveClientImpl.$anonfun$withHiveState$1(HiveClientImpl.scala:298)
	at org.apache.spark.sql.hive.client.HiveClientImpl.liftedTree1$1(HiveClientImpl.scala:229)
	at org.apache.spark.sql.hive.client.HiveClientImpl.retryLocked(HiveClientImpl.scala:228)
	at org.apache.spark.sql.hive.client.HiveClientImpl.withHiveState(HiveClientImpl.scala:278)
	at org.apache.spark.sql.hive.client.HiveClientImpl.getPartitions(HiveClientImpl.scala:764)
	at org.apache.spark.sql.hive.client.HiveClientImpl.getPartitions(HiveClientImpl.scala:759)
	at org.apache.spark.sql.hive.HiveExternalCatalog.$anonfun$listPartitions$1(HiveExternalCatalog.scala:1263)
	at org.apache.spark.sql.hive.HiveExternalCatalog.withClient(HiveExternalCatalog.scala:101)
	at org.apache.spark.sql.hive.HiveExternalCatalog.listPartitions(HiveExternalCatalog.scala:1260)
	at org.apache.spark.sql.catalyst.catalog.ExternalCatalogWithListener.listPartitions(ExternalCatalogWithListener.scala:254)
	at org.apache.spark.sql.catalyst.catalog.SessionCatalog.listPartitions(SessionCatalog.scala:1261)
	at org.apache.spark.sql.execution.datasources.InsertIntoHadoopFsRelationCommand.run(InsertIntoHadoopFsRelationCommand.scala:101)
	at org.apache.spark.sql.execution.command.DataWritingCommandExec.sideEffectResult$lzycompute(commands.scala:113)
	at org.apache.spark.sql.execution.command.DataWritingCommandExec.sideEffectResult(commands.scala:111)
	at org.apache.spark.sql.execution.command.DataWritingCommandExec.executeCollect(commands.scala:125)
	at org.apache.spark.sql.execution.QueryExecution$$anonfun$eagerlyExecuteCommands$1.$anonfun$applyOrElse$1(QueryExecution.scala:98)
	at org.apache.spark.sql.execution.SQLExecution$.$anonfun$withNewExecutionId$6(SQLExecution.scala:109)
	at org.apache.spark.sql.execution.SQLExecution$.withSQLConfPropagated(SQLExecution.scala:169)
	at org.apache.spark.sql.execution.SQLExecution$.$anonfun$withNewExecutionId$1(SQLExecution.scala:95)
	at org.apache.spark.sql.SparkSession.withActive(SparkSession.scala:779)
	at org.apache.spark.sql.execution.SQLExecution$.withNewExecutionId(SQLExecution.scala:64)
	at org.apache.spark.sql.execution.QueryExecution$$anonfun$eagerlyExecuteCommands$1.applyOrElse(QueryExecution.scala:98)
	at org.apache.spark.sql.execution.QueryExecution$$anonfun$eagerlyExecuteCommands$1.applyOrElse(QueryExecution.scala:94)
	at org.apache.spark.sql.catalyst.trees.TreeNode.$anonfun$transformDownWithPruning$1(TreeNode.scala:584)
	at org.apache.spark.sql.catalyst.trees.CurrentOrigin$.withOrigin(TreeNode.scala:176)
	at org.apache.spark.sql.catalyst.trees.TreeNode.transformDownWithPruning(TreeNode.scala:584)
	at org.apache.spark.sql.catalyst.plans.logical.LogicalPlan.org$apache$spark$sql$catalyst$plans$logical$AnalysisHelper$$super$transformDownWithPruning(LogicalPlan.scala:30)
	at org.apache.spark.sql.catalyst.plans.logical.AnalysisHelper.transformDownWithPruning(AnalysisHelper.scala:267)
	at org.apache.spark.sql.catalyst.plans.logical.AnalysisHelper.transformDownWithPruning$(AnalysisHelper.scala:263)
	at org.apache.spark.sql.catalyst.plans.logical.LogicalPlan.transformDownWithPruning(LogicalPlan.scala:30)
	at org.apache.spark.sql.catalyst.plans.logical.LogicalPlan.transformDownWithPruning(LogicalPlan.scala:30)
	at org.apache.spark.sql.catalyst.trees.TreeNode.transformDown(TreeNode.scala:560)
	at org.apache.spark.sql.execution.QueryExecution.eagerlyExecuteCommands(QueryExecution.scala:94)
	at org.apache.spark.sql.execution.QueryExecution.commandExecuted$lzycompute(QueryExecution.scala:81)
	at org.apache.spark.sql.execution.QueryExecution.commandExecuted(QueryExecution.scala:79)
	at org.apache.spark.sql.execution.QueryExecution.assertCommandExecuted(QueryExecution.scala:116)
	at org.apache.spark.sql.DataFrameWriter.runCommand(DataFrameWriter.scala:860)
	at org.apache.spark.sql.DataFrameWriter.insertInto(DataFrameWriter.scala:489)
	at org.apache.spark.sql.DataFrameWriter.insertInto(DataFrameWriter.scala:444)
	at com.fiberhome.ml.raha.repository.adapter.fmdb.gateway.SparkSqlFmdbTableGateway.appendDirect(SparkSqlFmdbTableGateway.java:208)
	at com.fiberhome.ml.raha.repository.adapter.fmdb.gateway.SparkSqlFmdbTableGateway.append(SparkSqlFmdbTableGateway.java:115)
	at com.fiberhome.ml.raha.repository.adapter.fmdb.result.SparkSqlFmdbResultWriter.writeJob(SparkSqlFmdbResultWriter.java:120)
	at com.fiberhome.ml.raha.repository.adapter.fmdb.repository.FmdbJobRepository.save(FmdbJobRepository.java:73)
	at com.fiberhome.ml.raha.repository.adapter.fmdb.repository.FmdbJobRepository.save(FmdbJobRepository.java:56)
	at com.fiberhome.ml.raha.job.execution.RahaJobOrchestrator.submit(RahaJobOrchestrator.java:101)
	at com.fiberhome.ml.raha.service.task.RahaTaskApplicationService.execute(RahaTaskApplicationService.java:96)
	at com.fiberhome.ml.raha.udf.RahaDetectionUdfService.train(RahaDetectionUdfService.java:282)
	at com.fiberhome.ml.raha.udf.F_DW_DETTRAIN.doEvaluate(F_DW_DETTRAIN.java:23)
	at com.fiberhome.ml.raha.udf.AbstractRahaGenericUdf$1.call(AbstractRahaGenericUdf.java:107)
	at com.fiberhome.ml.raha.udf.AbstractRahaGenericUdf$1.call(AbstractRahaGenericUdf.java:1)
	at java.base/java.util.concurrent.FutureTask.run(Unknown Source)
	at java.base/java.lang.Thread.run(Unknown Source)
26/07/21 13:53:54 WARN HadoopFSUtils: The directory hdfs://hdfs:9000/user/hive/warehouse/dw.db/raha_job_run/dataset_id=person_info/partition_month=2026-07 was not found. Was it deleted very recently?
26/07/21 13:53:55 WARN HadoopFSUtils: The directory hdfs://hdfs:9000/user/hive/warehouse/dw.db/raha_job_stage_attempt/dataset_id=person_info/partition_month=2026-07 was not found. Was it deleted very recently?
26/07/21 13:54:01 WARN HadoopFSUtils: The directory hdfs://hdfs:9000/user/hive/warehouse/dw.db/raha_job_stage_attempt/dataset_id=person_info/partition_month=2026-07 was not found. Was it deleted very recently?
26/07/21 13:54:05 WARN HadoopFSUtils: The directory hdfs://hdfs:9000/user/hive/warehouse/dw.db/raha_job_run/dataset_id=person_info/partition_month=2026-07 was not found. Was it deleted very recently?
26/07/21 13:54:05 WARN HadoopFSUtils: The directory hdfs://hdfs:9000/user/hive/warehouse/dw.db/raha_job_stage_attempt/dataset_id=person_info/partition_month=2026-07 was not found. Was it deleted very recently?
26/07/21 13:54:31 WARN HadoopFSUtils: The directory hdfs://hdfs:9000/user/hive/warehouse/dw.db/raha_job_stage_attempt/dataset_id=person_info/partition_month=2026-07 was not found. Was it deleted very recently?
26/07/21 13:54:35 WARN HadoopFSUtils: The directory hdfs://hdfs:9000/user/hive/warehouse/dw.db/raha_job_run/dataset_id=person_info/partition_month=2026-07 was not found. Was it deleted very recently?
26/07/21 13:54:36 WARN HadoopFSUtils: The directory hdfs://hdfs:9000/user/hive/warehouse/dw.db/raha_job_stage_attempt/dataset_id=person_info/partition_month=2026-07 was not found. Was it deleted very recently?
26/07/21 13:54:49 WARN HadoopFSUtils: The directory hdfs://hdfs:9000/user/hive/warehouse/dw.db/raha_job_stage_attempt/dataset_id=person_info/partition_month=2026-07 was not found. Was it deleted very recently?
26/07/21 13:54:53 WARN HadoopFSUtils: The directory hdfs://hdfs:9000/user/hive/warehouse/dw.db/raha_job_run/dataset_id=person_info/partition_month=2026-07 was not found. Was it deleted very recently?
26/07/21 13:54:53 WARN HadoopFSUtils: The directory hdfs://hdfs:9000/user/hive/warehouse/dw.db/raha_job_stage_attempt/dataset_id=person_info/partition_month=2026-07 was not found. Was it deleted very recently?
26/07/21 13:54:55 WARN HadoopFSUtils: The directory hdfs://hdfs:9000/user/hive/warehouse/dw.db/raha_job_stage_attempt/dataset_id=person_info/partition_month=2026-07 was not found. Was it deleted very recently?
26/07/21 13:54:58 WARN HadoopFSUtils: The directory hdfs://hdfs:9000/user/hive/warehouse/dw.db/raha_job_run/dataset_id=person_info/partition_month=2026-07 was not found. Was it deleted very recently?
26/07/21 13:54:59 WARN HadoopFSUtils: The directory hdfs://hdfs:9000/user/hive/warehouse/dw.db/raha_job_stage_attempt/dataset_id=person_info/partition_month=2026-07 was not found. Was it deleted very recently?
26/07/21 13:55:47 WARN HadoopFSUtils: The directory hdfs://hdfs:9000/user/hive/warehouse/dw.db/raha_job_stage_attempt/dataset_id=person_info/partition_month=2026-07 was not found. Was it deleted very recently?
26/07/21 13:55:50 WARN HadoopFSUtils: The directory hdfs://hdfs:9000/user/hive/warehouse/dw.db/raha_job_run/dataset_id=person_info/partition_month=2026-07 was not found. Was it deleted very recently?
26/07/21 13:55:50 WARN HadoopFSUtils: The directory hdfs://hdfs:9000/user/hive/warehouse/dw.db/raha_job_stage_attempt/dataset_id=person_info/partition_month=2026-07 was not found. Was it deleted very recently?
26/07/21 13:55:53 WARN HadoopFSUtils: The directory hdfs://hdfs:9000/user/hive/warehouse/dw.db/raha_job_stage_attempt/dataset_id=person_info/partition_month=2026-07 was not found. Was it deleted very recently?
26/07/21 13:55:56 WARN HadoopFSUtils: The directory hdfs://hdfs:9000/user/hive/warehouse/dw.db/raha_job_run/dataset_id=person_info/partition_month=2026-07 was not found. Was it deleted very recently?
26/07/21 13:55:56 WARN HadoopFSUtils: The directory hdfs://hdfs:9000/user/hive/warehouse/dw.db/raha_job_stage_attempt/dataset_id=person_info/partition_month=2026-07 was not found. Was it deleted very recently?
26/07/21 13:58:40 WARN HadoopFSUtils: The directory hdfs://hdfs:9000/user/hive/warehouse/dw.db/raha_job_stage_attempt/dataset_id=person_info/partition_month=2026-07 was not found. Was it deleted very recently?
26/07/21 13:58:43 WARN HadoopFSUtils: The directory hdfs://hdfs:9000/user/hive/warehouse/dw.db/raha_job_run/dataset_id=person_info/partition_month=2026-07 was not found. Was it deleted very recently?
26/07/21 13:58:43 WARN HadoopFSUtils: The directory hdfs://hdfs:9000/user/hive/warehouse/dw.db/raha_job_stage_attempt/dataset_id=person_info/partition_month=2026-07 was not found. Was it deleted very recently?
26/07/21 13:58:45 WARN HadoopFSUtils: The directory hdfs://hdfs:9000/user/hive/warehouse/dw.db/raha_job_stage_attempt/dataset_id=person_info/partition_month=2026-07 was not found. Was it deleted very recently?
26/07/21 13:58:48 WARN HadoopFSUtils: The directory hdfs://hdfs:9000/user/hive/warehouse/dw.db/raha_job_run/dataset_id=person_info/partition_month=2026-07 was not found. Was it deleted very recently?
26/07/21 13:58:48 WARN HadoopFSUtils: The directory hdfs://hdfs:9000/user/hive/warehouse/dw.db/raha_job_stage_attempt/dataset_id=person_info/partition_month=2026-07 was not found. Was it deleted very recently?
26/07/21 13:58:49 WARN HadoopFSUtils: The directory hdfs://hdfs:9000/user/hive/warehouse/dw.db/raha_job_stage_attempt/dataset_id=person_info/partition_month=2026-07 was not found. Was it deleted very recently?
26/07/21 13:58:52 WARN HadoopFSUtils: The directory hdfs://hdfs:9000/user/hive/warehouse/dw.db/raha_job_run/dataset_id=person_info/partition_month=2026-07 was not found. Was it deleted very recently?
26/07/21 13:58:53 WARN HadoopFSUtils: The directory hdfs://hdfs:9000/user/hive/warehouse/dw.db/raha_job_stage_attempt/dataset_id=person_info/partition_month=2026-07 was not found. Was it deleted very recently?
26/07/21 13:58:53 WARN RahaTrainService: 字段传播训练集不可用或类别极端失衡，回退直接标签，jobId=job-43d61f46-cee7-43b0-ae80-1202caebe51c，columnName=name，propagatedPositiveCount=16，propagatedNegativeCount=372，directPositiveCount=16，directNegativeCount=284
26/07/21 13:58:53 WARN RahaTrainService: 字段传播训练集不可用或类别极端失衡，回退直接标签，jobId=job-43d61f46-cee7-43b0-ae80-1202caebe51c，columnName=phone，propagatedPositiveCount=15，propagatedNegativeCount=385，directPositiveCount=13，directNegativeCount=287
26/07/21 13:58:53 WARN RahaTrainService: 字段传播训练集不可用或类别极端失衡，回退直接标签，jobId=job-43d61f46-cee7-43b0-ae80-1202caebe51c，columnName=home_address，propagatedPositiveCount=4，propagatedNegativeCount=390，directPositiveCount=4，directNegativeCount=296
26/07/21 13:59:07 WARN DataStreamer: DataStreamer Exception
java.io.FileNotFoundException: File does not exist: /user/hive/warehouse/dw.db/raha_model_artifact/_temporary/0/_temporary/attempt_20260721135907915778209515565675_1201_m_000000_1404/part-00000-49bce2a1-87d4-4972-bfce-5a2afc749387-c000.snappy.orc (inode 49248) [Lease.  Holder: DFSClient_NONMAPREDUCE_421119096_1, pending creates: 1]
	at org.apache.hadoop.hdfs.server.namenode.FSNamesystem.checkLease(FSNamesystem.java:3103)
	at org.apache.hadoop.hdfs.server.namenode.FSDirWriteFileOp.analyzeFileState(FSDirWriteFileOp.java:610)
	at org.apache.hadoop.hdfs.server.namenode.FSDirWriteFileOp.validateAddBlock(FSDirWriteFileOp.java:171)
	at org.apache.hadoop.hdfs.server.namenode.FSNamesystem.getAdditionalBlock(FSNamesystem.java:2977)
	at org.apache.hadoop.hdfs.server.namenode.NameNodeRpcServer.addBlock(NameNodeRpcServer.java:912)
	at org.apache.hadoop.hdfs.protocolPB.ClientNamenodeProtocolServerSideTranslatorPB.addBlock(ClientNamenodeProtocolServerSideTranslatorPB.java:595)
	at org.apache.hadoop.hdfs.protocol.proto.ClientNamenodeProtocolProtos$ClientNamenodeProtocol$2.callBlockingMethod(ClientNamenodeProtocolProtos.java)
	at org.apache.hadoop.ipc.ProtobufRpcEngine2$Server$ProtoBufRpcInvoker.call(ProtobufRpcEngine2.java:621)
	at org.apache.hadoop.ipc.ProtobufRpcEngine2$Server$ProtoBufRpcInvoker.call(ProtobufRpcEngine2.java:589)
	at org.apache.hadoop.ipc.ProtobufRpcEngine2$Server$ProtoBufRpcInvoker.call(ProtobufRpcEngine2.java:573)
	at org.apache.hadoop.ipc.RPC$Server.call(RPC.java:1227)
	at org.apache.hadoop.ipc.Server$RpcCall.run(Server.java:1094)
	at org.apache.hadoop.ipc.Server$RpcCall.run(Server.java:1017)
	at java.security.AccessController.doPrivileged(Native Method)
	at javax.security.auth.Subject.doAs(Subject.java:422)
	at org.apache.hadoop.security.UserGroupInformation.doAs(UserGroupInformation.java:1899)
	at org.apache.hadoop.ipc.Server$Handler.run(Server.java:3048)

	at java.base/jdk.internal.reflect.NativeConstructorAccessorImpl.newInstance0(Native Method)
	at java.base/jdk.internal.reflect.NativeConstructorAccessorImpl.newInstance(Unknown Source)
	at java.base/jdk.internal.reflect.DelegatingConstructorAccessorImpl.newInstance(Unknown Source)
	at java.base/java.lang.reflect.Constructor.newInstance(Unknown Source)
	at org.apache.hadoop.ipc.RemoteException.instantiateException(RemoteException.java:121)
	at org.apache.hadoop.ipc.RemoteException.unwrapRemoteException(RemoteException.java:88)
	at org.apache.hadoop.hdfs.DFSOutputStream.addBlock(DFSOutputStream.java:1091)
	at org.apache.hadoop.hdfs.DataStreamer.locateFollowingBlock(DataStreamer.java:1915)
	at org.apache.hadoop.hdfs.DataStreamer.nextBlockOutputStream(DataStreamer.java:1717)
	at org.apache.hadoop.hdfs.DataStreamer.run(DataStreamer.java:713)
Caused by: org.apache.hadoop.ipc.RemoteException(java.io.FileNotFoundException): File does not exist: /user/hive/warehouse/dw.db/raha_model_artifact/_temporary/0/_temporary/attempt_20260721135907915778209515565675_1201_m_000000_1404/part-00000-49bce2a1-87d4-4972-bfce-5a2afc749387-c000.snappy.orc (inode 49248) [Lease.  Holder: DFSClient_NONMAPREDUCE_421119096_1, pending creates: 1]
	at org.apache.hadoop.hdfs.server.namenode.FSNamesystem.checkLease(FSNamesystem.java:3103)
	at org.apache.hadoop.hdfs.server.namenode.FSDirWriteFileOp.analyzeFileState(FSDirWriteFileOp.java:610)
	at org.apache.hadoop.hdfs.server.namenode.FSDirWriteFileOp.validateAddBlock(FSDirWriteFileOp.java:171)
	at org.apache.hadoop.hdfs.server.namenode.FSNamesystem.getAdditionalBlock(FSNamesystem.java:2977)
	at org.apache.hadoop.hdfs.server.namenode.NameNodeRpcServer.addBlock(NameNodeRpcServer.java:912)
	at org.apache.hadoop.hdfs.protocolPB.ClientNamenodeProtocolServerSideTranslatorPB.addBlock(ClientNamenodeProtocolServerSideTranslatorPB.java:595)
	at org.apache.hadoop.hdfs.protocol.proto.ClientNamenodeProtocolProtos$ClientNamenodeProtocol$2.callBlockingMethod(ClientNamenodeProtocolProtos.java)
	at org.apache.hadoop.ipc.ProtobufRpcEngine2$Server$ProtoBufRpcInvoker.call(ProtobufRpcEngine2.java:621)
	at org.apache.hadoop.ipc.ProtobufRpcEngine2$Server$ProtoBufRpcInvoker.call(ProtobufRpcEngine2.java:589)
	at org.apache.hadoop.ipc.ProtobufRpcEngine2$Server$ProtoBufRpcInvoker.call(ProtobufRpcEngine2.java:573)
	at org.apache.hadoop.ipc.RPC$Server.call(RPC.java:1227)
	at org.apache.hadoop.ipc.Server$RpcCall.run(Server.java:1094)
	at org.apache.hadoop.ipc.Server$RpcCall.run(Server.java:1017)
	at java.security.AccessController.doPrivileged(Native Method)
	at javax.security.auth.Subject.doAs(Subject.java:422)
	at org.apache.hadoop.security.UserGroupInformation.doAs(UserGroupInformation.java:1899)
	at org.apache.hadoop.ipc.Server$Handler.run(Server.java:3048)

	at org.apache.hadoop.ipc.Client.getRpcResponse(Client.java:1612)
	at org.apache.hadoop.ipc.Client.call(Client.java:1558)
	at org.apache.hadoop.ipc.Client.call(Client.java:1455)
	at org.apache.hadoop.ipc.ProtobufRpcEngine2$Invoker.invoke(ProtobufRpcEngine2.java:242)
	at org.apache.hadoop.ipc.ProtobufRpcEngine2$Invoker.invoke(ProtobufRpcEngine2.java:129)
	at com.sun.proxy.$Proxy28.addBlock(Unknown Source)
	at org.apache.hadoop.hdfs.protocolPB.ClientNamenodeProtocolTranslatorPB.addBlock(ClientNamenodeProtocolTranslatorPB.java:530)
	at jdk.internal.reflect.GeneratedMethodAccessor130.invoke(Unknown Source)
	at java.base/jdk.internal.reflect.DelegatingMethodAccessorImpl.invoke(Unknown Source)
	at java.base/java.lang.reflect.Method.invoke(Unknown Source)
	at org.apache.hadoop.io.retry.RetryInvocationHandler.invokeMethod(RetryInvocationHandler.java:422)
	at org.apache.hadoop.io.retry.RetryInvocationHandler$Call.invokeMethod(RetryInvocationHandler.java:165)
	at org.apache.hadoop.io.retry.RetryInvocationHandler$Call.invoke(RetryInvocationHandler.java:157)
	at org.apache.hadoop.io.retry.RetryInvocationHandler$Call.invokeOnce(RetryInvocationHandler.java:95)
	at org.apache.hadoop.io.retry.RetryInvocationHandler.invoke(RetryInvocationHandler.java:359)
	at com.sun.proxy.$Proxy29.addBlock(Unknown Source)
	at org.apache.hadoop.hdfs.DFSOutputStream.addBlock(DFSOutputStream.java:1088)
	... 3 more
26/07/21 13:59:07 ERROR Utils: Aborting task
java.io.FileNotFoundException: File does not exist: /user/hive/warehouse/dw.db/raha_model_artifact/_temporary/0/_temporary/attempt_20260721135907915778209515565675_1201_m_000000_1404/part-00000-49bce2a1-87d4-4972-bfce-5a2afc749387-c000.snappy.orc (inode 49248) [Lease.  Holder: DFSClient_NONMAPREDUCE_421119096_1, pending creates: 1]
	at org.apache.hadoop.hdfs.server.namenode.FSNamesystem.checkLease(FSNamesystem.java:3103)
	at org.apache.hadoop.hdfs.server.namenode.FSDirWriteFileOp.analyzeFileState(FSDirWriteFileOp.java:610)
	at org.apache.hadoop.hdfs.server.namenode.FSDirWriteFileOp.validateAddBlock(FSDirWriteFileOp.java:171)
	at org.apache.hadoop.hdfs.server.namenode.FSNamesystem.getAdditionalBlock(FSNamesystem.java:2977)
	at org.apache.hadoop.hdfs.server.namenode.NameNodeRpcServer.addBlock(NameNodeRpcServer.java:912)
	at org.apache.hadoop.hdfs.protocolPB.ClientNamenodeProtocolServerSideTranslatorPB.addBlock(ClientNamenodeProtocolServerSideTranslatorPB.java:595)
	at org.apache.hadoop.hdfs.protocol.proto.ClientNamenodeProtocolProtos$ClientNamenodeProtocol$2.callBlockingMethod(ClientNamenodeProtocolProtos.java)
	at org.apache.hadoop.ipc.ProtobufRpcEngine2$Server$ProtoBufRpcInvoker.call(ProtobufRpcEngine2.java:621)
	at org.apache.hadoop.ipc.ProtobufRpcEngine2$Server$ProtoBufRpcInvoker.call(ProtobufRpcEngine2.java:589)
	at org.apache.hadoop.ipc.ProtobufRpcEngine2$Server$ProtoBufRpcInvoker.call(ProtobufRpcEngine2.java:573)
	at org.apache.hadoop.ipc.RPC$Server.call(RPC.java:1227)
	at org.apache.hadoop.ipc.Server$RpcCall.run(Server.java:1094)
	at org.apache.hadoop.ipc.Server$RpcCall.run(Server.java:1017)
	at java.security.AccessController.doPrivileged(Native Method)
	at javax.security.auth.Subject.doAs(Subject.java:422)
	at org.apache.hadoop.security.UserGroupInformation.doAs(UserGroupInformation.java:1899)
	at org.apache.hadoop.ipc.Server$Handler.run(Server.java:3048)

	at java.base/jdk.internal.reflect.NativeConstructorAccessorImpl.newInstance0(Native Method)
	at java.base/jdk.internal.reflect.NativeConstructorAccessorImpl.newInstance(Unknown Source)
	at java.base/jdk.internal.reflect.DelegatingConstructorAccessorImpl.newInstance(Unknown Source)
	at java.base/java.lang.reflect.Constructor.newInstance(Unknown Source)
	at org.apache.hadoop.ipc.RemoteException.instantiateException(RemoteException.java:121)
	at org.apache.hadoop.ipc.RemoteException.unwrapRemoteException(RemoteException.java:88)
	at org.apache.hadoop.hdfs.DFSOutputStream.addBlock(DFSOutputStream.java:1091)
	at org.apache.hadoop.hdfs.DataStreamer.locateFollowingBlock(DataStreamer.java:1915)
	at org.apache.hadoop.hdfs.DataStreamer.nextBlockOutputStream(DataStreamer.java:1717)
	at org.apache.hadoop.hdfs.DataStreamer.run(DataStreamer.java:713)
Caused by: org.apache.hadoop.ipc.RemoteException(java.io.FileNotFoundException): File does not exist: /user/hive/warehouse/dw.db/raha_model_artifact/_temporary/0/_temporary/attempt_20260721135907915778209515565675_1201_m_000000_1404/part-00000-49bce2a1-87d4-4972-bfce-5a2afc749387-c000.snappy.orc (inode 49248) [Lease.  Holder: DFSClient_NONMAPREDUCE_421119096_1, pending creates: 1]
	at org.apache.hadoop.hdfs.server.namenode.FSNamesystem.checkLease(FSNamesystem.java:3103)
	at org.apache.hadoop.hdfs.server.namenode.FSDirWriteFileOp.analyzeFileState(FSDirWriteFileOp.java:610)
	at org.apache.hadoop.hdfs.server.namenode.FSDirWriteFileOp.validateAddBlock(FSDirWriteFileOp.java:171)
	at org.apache.hadoop.hdfs.server.namenode.FSNamesystem.getAdditionalBlock(FSNamesystem.java:2977)
	at org.apache.hadoop.hdfs.server.namenode.NameNodeRpcServer.addBlock(NameNodeRpcServer.java:912)
	at org.apache.hadoop.hdfs.protocolPB.ClientNamenodeProtocolServerSideTranslatorPB.addBlock(ClientNamenodeProtocolServerSideTranslatorPB.java:595)
	at org.apache.hadoop.hdfs.protocol.proto.ClientNamenodeProtocolProtos$ClientNamenodeProtocol$2.callBlockingMethod(ClientNamenodeProtocolProtos.java)
	at org.apache.hadoop.ipc.ProtobufRpcEngine2$Server$ProtoBufRpcInvoker.call(ProtobufRpcEngine2.java:621)
	at org.apache.hadoop.ipc.ProtobufRpcEngine2$Server$ProtoBufRpcInvoker.call(ProtobufRpcEngine2.java:589)
	at org.apache.hadoop.ipc.ProtobufRpcEngine2$Server$ProtoBufRpcInvoker.call(ProtobufRpcEngine2.java:573)
	at org.apache.hadoop.ipc.RPC$Server.call(RPC.java:1227)
	at org.apache.hadoop.ipc.Server$RpcCall.run(Server.java:1094)
	at org.apache.hadoop.ipc.Server$RpcCall.run(Server.java:1017)
	at java.security.AccessController.doPrivileged(Native Method)
	at javax.security.auth.Subject.doAs(Subject.java:422)
	at org.apache.hadoop.security.UserGroupInformation.doAs(UserGroupInformation.java:1899)
	at org.apache.hadoop.ipc.Server$Handler.run(Server.java:3048)

	at org.apache.hadoop.ipc.Client.getRpcResponse(Client.java:1612)
	at org.apache.hadoop.ipc.Client.call(Client.java:1558)
	at org.apache.hadoop.ipc.Client.call(Client.java:1455)
	at org.apache.hadoop.ipc.ProtobufRpcEngine2$Invoker.invoke(ProtobufRpcEngine2.java:242)
	at org.apache.hadoop.ipc.ProtobufRpcEngine2$Invoker.invoke(ProtobufRpcEngine2.java:129)
	at com.sun.proxy.$Proxy28.addBlock(Unknown Source)
	at org.apache.hadoop.hdfs.protocolPB.ClientNamenodeProtocolTranslatorPB.addBlock(ClientNamenodeProtocolTranslatorPB.java:530)
	at jdk.internal.reflect.GeneratedMethodAccessor130.invoke(Unknown Source)
	at java.base/jdk.internal.reflect.DelegatingMethodAccessorImpl.invoke(Unknown Source)
	at java.base/java.lang.reflect.Method.invoke(Unknown Source)
	at org.apache.hadoop.io.retry.RetryInvocationHandler.invokeMethod(RetryInvocationHandler.java:422)
	at org.apache.hadoop.io.retry.RetryInvocationHandler$Call.invokeMethod(RetryInvocationHandler.java:165)
	at org.apache.hadoop.io.retry.RetryInvocationHandler$Call.invoke(RetryInvocationHandler.java:157)
	at org.apache.hadoop.io.retry.RetryInvocationHandler$Call.invokeOnce(RetryInvocationHandler.java:95)
	at org.apache.hadoop.io.retry.RetryInvocationHandler.invoke(RetryInvocationHandler.java:359)
	at com.sun.proxy.$Proxy29.addBlock(Unknown Source)
	at org.apache.hadoop.hdfs.DFSOutputStream.addBlock(DFSOutputStream.java:1088)
	... 3 more
26/07/21 13:59:07 WARN FileOutputCommitter: Could not delete hdfs://hdfs:9000/user/hive/warehouse/dw.db/raha_model_artifact/_temporary/0/_temporary/attempt_20260721135907915778209515565675_1201_m_000000_1404
26/07/21 13:59:07 ERROR FileFormatWriter: Job job_20260721135907915778209515565675_1201 aborted.
26/07/21 13:59:07 ERROR Executor: Exception in task 0.0 in stage 1201.0 (TID 1404)
org.apache.spark.SparkException: Task failed while writing rows.
	at org.apache.spark.sql.errors.QueryExecutionErrors$.taskFailedWhileWritingRowsError(QueryExecutionErrors.scala:655)
	at org.apache.spark.sql.execution.datasources.FileFormatWriter$.executeTask(FileFormatWriter.scala:348)
	at org.apache.spark.sql.execution.datasources.FileFormatWriter$.$anonfun$write$21(FileFormatWriter.scala:256)
	at org.apache.spark.scheduler.ResultTask.runTask(ResultTask.scala:90)
	at org.apache.spark.scheduler.Task.run(Task.scala:136)
	at org.apache.spark.executor.Executor$TaskRunner.$anonfun$run$3(Executor.scala:548)
	at org.apache.spark.util.Utils$.tryWithSafeFinally(Utils.scala:1504)
	at org.apache.spark.executor.Executor$TaskRunner.run(Executor.scala:551)
	at java.base/java.util.concurrent.ThreadPoolExecutor.runWorker(Unknown Source)
	at java.base/java.util.concurrent.ThreadPoolExecutor$Worker.run(Unknown Source)
	at java.base/java.lang.Thread.run(Unknown Source)
Caused by: java.io.FileNotFoundException: File does not exist: /user/hive/warehouse/dw.db/raha_model_artifact/_temporary/0/_temporary/attempt_20260721135907915778209515565675_1201_m_000000_1404/part-00000-49bce2a1-87d4-4972-bfce-5a2afc749387-c000.snappy.orc (inode 49248) [Lease.  Holder: DFSClient_NONMAPREDUCE_421119096_1, pending creates: 1]
	at org.apache.hadoop.hdfs.server.namenode.FSNamesystem.checkLease(FSNamesystem.java:3103)
	at org.apache.hadoop.hdfs.server.namenode.FSDirWriteFileOp.analyzeFileState(FSDirWriteFileOp.java:610)
	at org.apache.hadoop.hdfs.server.namenode.FSDirWriteFileOp.validateAddBlock(FSDirWriteFileOp.java:171)
	at org.apache.hadoop.hdfs.server.namenode.FSNamesystem.getAdditionalBlock(FSNamesystem.java:2977)
	at org.apache.hadoop.hdfs.server.namenode.NameNodeRpcServer.addBlock(NameNodeRpcServer.java:912)
	at org.apache.hadoop.hdfs.protocolPB.ClientNamenodeProtocolServerSideTranslatorPB.addBlock(ClientNamenodeProtocolServerSideTranslatorPB.java:595)
	at org.apache.hadoop.hdfs.protocol.proto.ClientNamenodeProtocolProtos$ClientNamenodeProtocol$2.callBlockingMethod(ClientNamenodeProtocolProtos.java)
	at org.apache.hadoop.ipc.ProtobufRpcEngine2$Server$ProtoBufRpcInvoker.call(ProtobufRpcEngine2.java:621)
	at org.apache.hadoop.ipc.ProtobufRpcEngine2$Server$ProtoBufRpcInvoker.call(ProtobufRpcEngine2.java:589)
	at org.apache.hadoop.ipc.ProtobufRpcEngine2$Server$ProtoBufRpcInvoker.call(ProtobufRpcEngine2.java:573)
	at org.apache.hadoop.ipc.RPC$Server.call(RPC.java:1227)
	at org.apache.hadoop.ipc.Server$RpcCall.run(Server.java:1094)
	at org.apache.hadoop.ipc.Server$RpcCall.run(Server.java:1017)
	at java.security.AccessController.doPrivileged(Native Method)
	at javax.security.auth.Subject.doAs(Subject.java:422)
	at org.apache.hadoop.security.UserGroupInformation.doAs(UserGroupInformation.java:1899)
	at org.apache.hadoop.ipc.Server$Handler.run(Server.java:3048)

	at java.base/jdk.internal.reflect.NativeConstructorAccessorImpl.newInstance0(Native Method)
	at java.base/jdk.internal.reflect.NativeConstructorAccessorImpl.newInstance(Unknown Source)
	at java.base/jdk.internal.reflect.DelegatingConstructorAccessorImpl.newInstance(Unknown Source)
	at java.base/java.lang.reflect.Constructor.newInstance(Unknown Source)
	at org.apache.hadoop.ipc.RemoteException.instantiateException(RemoteException.java:121)
	at org.apache.hadoop.ipc.RemoteException.unwrapRemoteException(RemoteException.java:88)
	at org.apache.hadoop.hdfs.DFSOutputStream.addBlock(DFSOutputStream.java:1091)
	at org.apache.hadoop.hdfs.DataStreamer.locateFollowingBlock(DataStreamer.java:1915)
	at org.apache.hadoop.hdfs.DataStreamer.nextBlockOutputStream(DataStreamer.java:1717)
	at org.apache.hadoop.hdfs.DataStreamer.run(DataStreamer.java:713)
Caused by: org.apache.hadoop.ipc.RemoteException(java.io.FileNotFoundException): File does not exist: /user/hive/warehouse/dw.db/raha_model_artifact/_temporary/0/_temporary/attempt_20260721135907915778209515565675_1201_m_000000_1404/part-00000-49bce2a1-87d4-4972-bfce-5a2afc749387-c000.snappy.orc (inode 49248) [Lease.  Holder: DFSClient_NONMAPREDUCE_421119096_1, pending creates: 1]
	at org.apache.hadoop.hdfs.server.namenode.FSNamesystem.checkLease(FSNamesystem.java:3103)
	at org.apache.hadoop.hdfs.server.namenode.FSDirWriteFileOp.analyzeFileState(FSDirWriteFileOp.java:610)
	at org.apache.hadoop.hdfs.server.namenode.FSDirWriteFileOp.validateAddBlock(FSDirWriteFileOp.java:171)
	at org.apache.hadoop.hdfs.server.namenode.FSNamesystem.getAdditionalBlock(FSNamesystem.java:2977)
	at org.apache.hadoop.hdfs.server.namenode.NameNodeRpcServer.addBlock(NameNodeRpcServer.java:912)
	at org.apache.hadoop.hdfs.protocolPB.ClientNamenodeProtocolServerSideTranslatorPB.addBlock(ClientNamenodeProtocolServerSideTranslatorPB.java:595)
	at org.apache.hadoop.hdfs.protocol.proto.ClientNamenodeProtocolProtos$ClientNamenodeProtocol$2.callBlockingMethod(ClientNamenodeProtocolProtos.java)
	at org.apache.hadoop.ipc.ProtobufRpcEngine2$Server$ProtoBufRpcInvoker.call(ProtobufRpcEngine2.java:621)
	at org.apache.hadoop.ipc.ProtobufRpcEngine2$Server$ProtoBufRpcInvoker.call(ProtobufRpcEngine2.java:589)
	at org.apache.hadoop.ipc.ProtobufRpcEngine2$Server$ProtoBufRpcInvoker.call(ProtobufRpcEngine2.java:573)
	at org.apache.hadoop.ipc.RPC$Server.call(RPC.java:1227)
	at org.apache.hadoop.ipc.Server$RpcCall.run(Server.java:1094)
	at org.apache.hadoop.ipc.Server$RpcCall.run(Server.java:1017)
	at java.security.AccessController.doPrivileged(Native Method)
	at javax.security.auth.Subject.doAs(Subject.java:422)
	at org.apache.hadoop.security.UserGroupInformation.doAs(UserGroupInformation.java:1899)
	at org.apache.hadoop.ipc.Server$Handler.run(Server.java:3048)

	at org.apache.hadoop.ipc.Client.getRpcResponse(Client.java:1612)
	at org.apache.hadoop.ipc.Client.call(Client.java:1558)
	at org.apache.hadoop.ipc.Client.call(Client.java:1455)
	at org.apache.hadoop.ipc.ProtobufRpcEngine2$Invoker.invoke(ProtobufRpcEngine2.java:242)
	at org.apache.hadoop.ipc.ProtobufRpcEngine2$Invoker.invoke(ProtobufRpcEngine2.java:129)
	at com.sun.proxy.$Proxy28.addBlock(Unknown Source)
	at org.apache.hadoop.hdfs.protocolPB.ClientNamenodeProtocolTranslatorPB.addBlock(ClientNamenodeProtocolTranslatorPB.java:530)
	at jdk.internal.reflect.GeneratedMethodAccessor130.invoke(Unknown Source)
	at java.base/jdk.internal.reflect.DelegatingMethodAccessorImpl.invoke(Unknown Source)
	at java.base/java.lang.reflect.Method.invoke(Unknown Source)
	at org.apache.hadoop.io.retry.RetryInvocationHandler.invokeMethod(RetryInvocationHandler.java:422)
	at org.apache.hadoop.io.retry.RetryInvocationHandler$Call.invokeMethod(RetryInvocationHandler.java:165)
	at org.apache.hadoop.io.retry.RetryInvocationHandler$Call.invoke(RetryInvocationHandler.java:157)
	at org.apache.hadoop.io.retry.RetryInvocationHandler$Call.invokeOnce(RetryInvocationHandler.java:95)
	at org.apache.hadoop.io.retry.RetryInvocationHandler.invoke(RetryInvocationHandler.java:359)
	at com.sun.proxy.$Proxy29.addBlock(Unknown Source)
	at org.apache.hadoop.hdfs.DFSOutputStream.addBlock(DFSOutputStream.java:1088)
	... 3 more
26/07/21 13:59:07 WARN TaskSetManager: Lost task 0.0 in stage 1201.0 (TID 1404) (sql-analysis-0 executor driver): org.apache.spark.SparkException: Task failed while writing rows.
	at org.apache.spark.sql.errors.QueryExecutionErrors$.taskFailedWhileWritingRowsError(QueryExecutionErrors.scala:655)
	at org.apache.spark.sql.execution.datasources.FileFormatWriter$.executeTask(FileFormatWriter.scala:348)
	at org.apache.spark.sql.execution.datasources.FileFormatWriter$.$anonfun$write$21(FileFormatWriter.scala:256)
	at org.apache.spark.scheduler.ResultTask.runTask(ResultTask.scala:90)
	at org.apache.spark.scheduler.Task.run(Task.scala:136)
	at org.apache.spark.executor.Executor$TaskRunner.$anonfun$run$3(Executor.scala:548)
	at org.apache.spark.util.Utils$.tryWithSafeFinally(Utils.scala:1504)
	at org.apache.spark.executor.Executor$TaskRunner.run(Executor.scala:551)
	at java.base/java.util.concurrent.ThreadPoolExecutor.runWorker(Unknown Source)
	at java.base/java.util.concurrent.ThreadPoolExecutor$Worker.run(Unknown Source)
	at java.base/java.lang.Thread.run(Unknown Source)
Caused by: java.io.FileNotFoundException: File does not exist: /user/hive/warehouse/dw.db/raha_model_artifact/_temporary/0/_temporary/attempt_20260721135907915778209515565675_1201_m_000000_1404/part-00000-49bce2a1-87d4-4972-bfce-5a2afc749387-c000.snappy.orc (inode 49248) [Lease.  Holder: DFSClient_NONMAPREDUCE_421119096_1, pending creates: 1]
	at org.apache.hadoop.hdfs.server.namenode.FSNamesystem.checkLease(FSNamesystem.java:3103)
	at org.apache.hadoop.hdfs.server.namenode.FSDirWriteFileOp.analyzeFileState(FSDirWriteFileOp.java:610)
	at org.apache.hadoop.hdfs.server.namenode.FSDirWriteFileOp.validateAddBlock(FSDirWriteFileOp.java:171)
	at org.apache.hadoop.hdfs.server.namenode.FSNamesystem.getAdditionalBlock(FSNamesystem.java:2977)
	at org.apache.hadoop.hdfs.server.namenode.NameNodeRpcServer.addBlock(NameNodeRpcServer.java:912)
	at org.apache.hadoop.hdfs.protocolPB.ClientNamenodeProtocolServerSideTranslatorPB.addBlock(ClientNamenodeProtocolServerSideTranslatorPB.java:595)
	at org.apache.hadoop.hdfs.protocol.proto.ClientNamenodeProtocolProtos$ClientNamenodeProtocol$2.callBlockingMethod(ClientNamenodeProtocolProtos.java)
	at org.apache.hadoop.ipc.ProtobufRpcEngine2$Server$ProtoBufRpcInvoker.call(ProtobufRpcEngine2.java:621)
	at org.apache.hadoop.ipc.ProtobufRpcEngine2$Server$ProtoBufRpcInvoker.call(ProtobufRpcEngine2.java:589)
	at org.apache.hadoop.ipc.ProtobufRpcEngine2$Server$ProtoBufRpcInvoker.call(ProtobufRpcEngine2.java:573)
	at org.apache.hadoop.ipc.RPC$Server.call(RPC.java:1227)
	at org.apache.hadoop.ipc.Server$RpcCall.run(Server.java:1094)
	at org.apache.hadoop.ipc.Server$RpcCall.run(Server.java:1017)
	at java.security.AccessController.doPrivileged(Native Method)
	at javax.security.auth.Subject.doAs(Subject.java:422)
	at org.apache.hadoop.security.UserGroupInformation.doAs(UserGroupInformation.java:1899)
	at org.apache.hadoop.ipc.Server$Handler.run(Server.java:3048)

	at java.base/jdk.internal.reflect.NativeConstructorAccessorImpl.newInstance0(Native Method)
	at java.base/jdk.internal.reflect.NativeConstructorAccessorImpl.newInstance(Unknown Source)
	at java.base/jdk.internal.reflect.DelegatingConstructorAccessorImpl.newInstance(Unknown Source)
	at java.base/java.lang.reflect.Constructor.newInstance(Unknown Source)
	at org.apache.hadoop.ipc.RemoteException.instantiateException(RemoteException.java:121)
	at org.apache.hadoop.ipc.RemoteException.unwrapRemoteException(RemoteException.java:88)
	at org.apache.hadoop.hdfs.DFSOutputStream.addBlock(DFSOutputStream.java:1091)
	at org.apache.hadoop.hdfs.DataStreamer.locateFollowingBlock(DataStreamer.java:1915)
	at org.apache.hadoop.hdfs.DataStreamer.nextBlockOutputStream(DataStreamer.java:1717)
	at org.apache.hadoop.hdfs.DataStreamer.run(DataStreamer.java:713)
Caused by: org.apache.hadoop.ipc.RemoteException(java.io.FileNotFoundException): File does not exist: /user/hive/warehouse/dw.db/raha_model_artifact/_temporary/0/_temporary/attempt_20260721135907915778209515565675_1201_m_000000_1404/part-00000-49bce2a1-87d4-4972-bfce-5a2afc749387-c000.snappy.orc (inode 49248) [Lease.  Holder: DFSClient_NONMAPREDUCE_421119096_1, pending creates: 1]
	at org.apache.hadoop.hdfs.server.namenode.FSNamesystem.checkLease(FSNamesystem.java:3103)
	at org.apache.hadoop.hdfs.server.namenode.FSDirWriteFileOp.analyzeFileState(FSDirWriteFileOp.java:610)
	at org.apache.hadoop.hdfs.server.namenode.FSDirWriteFileOp.validateAddBlock(FSDirWriteFileOp.java:171)
	at org.apache.hadoop.hdfs.server.namenode.FSNamesystem.getAdditionalBlock(FSNamesystem.java:2977)
	at org.apache.hadoop.hdfs.server.namenode.NameNodeRpcServer.addBlock(NameNodeRpcServer.java:912)
	at org.apache.hadoop.hdfs.protocolPB.ClientNamenodeProtocolServerSideTranslatorPB.addBlock(ClientNamenodeProtocolServerSideTranslatorPB.java:595)
	at org.apache.hadoop.hdfs.protocol.proto.ClientNamenodeProtocolProtos$ClientNamenodeProtocol$2.callBlockingMethod(ClientNamenodeProtocolProtos.java)
	at org.apache.hadoop.ipc.ProtobufRpcEngine2$Server$ProtoBufRpcInvoker.call(ProtobufRpcEngine2.java:621)
	at org.apache.hadoop.ipc.ProtobufRpcEngine2$Server$ProtoBufRpcInvoker.call(ProtobufRpcEngine2.java:589)
	at org.apache.hadoop.ipc.ProtobufRpcEngine2$Server$ProtoBufRpcInvoker.call(ProtobufRpcEngine2.java:573)
	at org.apache.hadoop.ipc.RPC$Server.call(RPC.java:1227)
	at org.apache.hadoop.ipc.Server$RpcCall.run(Server.java:1094)
	at org.apache.hadoop.ipc.Server$RpcCall.run(Server.java:1017)
	at java.security.AccessController.doPrivileged(Native Method)
	at javax.security.auth.Subject.doAs(Subject.java:422)
	at org.apache.hadoop.security.UserGroupInformation.doAs(UserGroupInformation.java:1899)
	at org.apache.hadoop.ipc.Server$Handler.run(Server.java:3048)

	at org.apache.hadoop.ipc.Client.getRpcResponse(Client.java:1612)
	at org.apache.hadoop.ipc.Client.call(Client.java:1558)
	at org.apache.hadoop.ipc.Client.call(Client.java:1455)
	at org.apache.hadoop.ipc.ProtobufRpcEngine2$Invoker.invoke(ProtobufRpcEngine2.java:242)
	at org.apache.hadoop.ipc.ProtobufRpcEngine2$Invoker.invoke(ProtobufRpcEngine2.java:129)
	at com.sun.proxy.$Proxy28.addBlock(Unknown Source)
	at org.apache.hadoop.hdfs.protocolPB.ClientNamenodeProtocolTranslatorPB.addBlock(ClientNamenodeProtocolTranslatorPB.java:530)
	at jdk.internal.reflect.GeneratedMethodAccessor130.invoke(Unknown Source)
	at java.base/jdk.internal.reflect.DelegatingMethodAccessorImpl.invoke(Unknown Source)
	at java.base/java.lang.reflect.Method.invoke(Unknown Source)
	at org.apache.hadoop.io.retry.RetryInvocationHandler.invokeMethod(RetryInvocationHandler.java:422)
	at org.apache.hadoop.io.retry.RetryInvocationHandler$Call.invokeMethod(RetryInvocationHandler.java:165)
	at org.apache.hadoop.io.retry.RetryInvocationHandler$Call.invoke(RetryInvocationHandler.java:157)
	at org.apache.hadoop.io.retry.RetryInvocationHandler$Call.invokeOnce(RetryInvocationHandler.java:95)
	at org.apache.hadoop.io.retry.RetryInvocationHandler.invoke(RetryInvocationHandler.java:359)
	at com.sun.proxy.$Proxy29.addBlock(Unknown Source)
	at org.apache.hadoop.hdfs.DFSOutputStream.addBlock(DFSOutputStream.java:1088)
	... 3 more

26/07/21 13:59:07 ERROR TaskSetManager: Task 0 in stage 1201.0 failed 1 times; aborting job
26/07/21 13:59:07 ERROR FileFormatWriter: Aborting job 4dfd70bf-10d0-4871-8d11-16adba063f18.
org.apache.spark.SparkException: Job aborted due to stage failure: Task 0 in stage 1201.0 failed 1 times, most recent failure: Lost task 0.0 in stage 1201.0 (TID 1404) (sql-analysis-0 executor driver): org.apache.spark.SparkException: Task failed while writing rows.
	at org.apache.spark.sql.errors.QueryExecutionErrors$.taskFailedWhileWritingRowsError(QueryExecutionErrors.scala:655)
	at org.apache.spark.sql.execution.datasources.FileFormatWriter$.executeTask(FileFormatWriter.scala:348)
	at org.apache.spark.sql.execution.datasources.FileFormatWriter$.$anonfun$write$21(FileFormatWriter.scala:256)
	at org.apache.spark.scheduler.ResultTask.runTask(ResultTask.scala:90)
	at org.apache.spark.scheduler.Task.run(Task.scala:136)
	at org.apache.spark.executor.Executor$TaskRunner.$anonfun$run$3(Executor.scala:548)
	at org.apache.spark.util.Utils$.tryWithSafeFinally(Utils.scala:1504)
	at org.apache.spark.executor.Executor$TaskRunner.run(Executor.scala:551)
	at java.base/java.util.concurrent.ThreadPoolExecutor.runWorker(Unknown Source)
	at java.base/java.util.concurrent.ThreadPoolExecutor$Worker.run(Unknown Source)
	at java.base/java.lang.Thread.run(Unknown Source)
Caused by: java.io.FileNotFoundException: File does not exist: /user/hive/warehouse/dw.db/raha_model_artifact/_temporary/0/_temporary/attempt_20260721135907915778209515565675_1201_m_000000_1404/part-00000-49bce2a1-87d4-4972-bfce-5a2afc749387-c000.snappy.orc (inode 49248) [Lease.  Holder: DFSClient_NONMAPREDUCE_421119096_1, pending creates: 1]
	at org.apache.hadoop.hdfs.server.namenode.FSNamesystem.checkLease(FSNamesystem.java:3103)
	at org.apache.hadoop.hdfs.server.namenode.FSDirWriteFileOp.analyzeFileState(FSDirWriteFileOp.java:610)
	at org.apache.hadoop.hdfs.server.namenode.FSDirWriteFileOp.validateAddBlock(FSDirWriteFileOp.java:171)
	at org.apache.hadoop.hdfs.server.namenode.FSNamesystem.getAdditionalBlock(FSNamesystem.java:2977)
	at org.apache.hadoop.hdfs.server.namenode.NameNodeRpcServer.addBlock(NameNodeRpcServer.java:912)
	at org.apache.hadoop.hdfs.protocolPB.ClientNamenodeProtocolServerSideTranslatorPB.addBlock(ClientNamenodeProtocolServerSideTranslatorPB.java:595)
	at org.apache.hadoop.hdfs.protocol.proto.ClientNamenodeProtocolProtos$ClientNamenodeProtocol$2.callBlockingMethod(ClientNamenodeProtocolProtos.java)
	at org.apache.hadoop.ipc.ProtobufRpcEngine2$Server$ProtoBufRpcInvoker.call(ProtobufRpcEngine2.java:621)
	at org.apache.hadoop.ipc.ProtobufRpcEngine2$Server$ProtoBufRpcInvoker.call(ProtobufRpcEngine2.java:589)
	at org.apache.hadoop.ipc.ProtobufRpcEngine2$Server$ProtoBufRpcInvoker.call(ProtobufRpcEngine2.java:573)
	at org.apache.hadoop.ipc.RPC$Server.call(RPC.java:1227)
	at org.apache.hadoop.ipc.Server$RpcCall.run(Server.java:1094)
	at org.apache.hadoop.ipc.Server$RpcCall.run(Server.java:1017)
	at java.security.AccessController.doPrivileged(Native Method)
	at javax.security.auth.Subject.doAs(Subject.java:422)
	at org.apache.hadoop.security.UserGroupInformation.doAs(UserGroupInformation.java:1899)
	at org.apache.hadoop.ipc.Server$Handler.run(Server.java:3048)

	at java.base/jdk.internal.reflect.NativeConstructorAccessorImpl.newInstance0(Native Method)
	at java.base/jdk.internal.reflect.NativeConstructorAccessorImpl.newInstance(Unknown Source)
	at java.base/jdk.internal.reflect.DelegatingConstructorAccessorImpl.newInstance(Unknown Source)
	at java.base/java.lang.reflect.Constructor.newInstance(Unknown Source)
	at org.apache.hadoop.ipc.RemoteException.instantiateException(RemoteException.java:121)
	at org.apache.hadoop.ipc.RemoteException.unwrapRemoteException(RemoteException.java:88)
	at org.apache.hadoop.hdfs.DFSOutputStream.addBlock(DFSOutputStream.java:1091)
	at org.apache.hadoop.hdfs.DataStreamer.locateFollowingBlock(DataStreamer.java:1915)
	at org.apache.hadoop.hdfs.DataStreamer.nextBlockOutputStream(DataStreamer.java:1717)
	at org.apache.hadoop.hdfs.DataStreamer.run(DataStreamer.java:713)
Caused by: org.apache.hadoop.ipc.RemoteException(java.io.FileNotFoundException): File does not exist: /user/hive/warehouse/dw.db/raha_model_artifact/_temporary/0/_temporary/attempt_20260721135907915778209515565675_1201_m_000000_1404/part-00000-49bce2a1-87d4-4972-bfce-5a2afc749387-c000.snappy.orc (inode 49248) [Lease.  Holder: DFSClient_NONMAPREDUCE_421119096_1, pending creates: 1]
	at org.apache.hadoop.hdfs.server.namenode.FSNamesystem.checkLease(FSNamesystem.java:3103)
	at org.apache.hadoop.hdfs.server.namenode.FSDirWriteFileOp.analyzeFileState(FSDirWriteFileOp.java:610)
	at org.apache.hadoop.hdfs.server.namenode.FSDirWriteFileOp.validateAddBlock(FSDirWriteFileOp.java:171)
	at org.apache.hadoop.hdfs.server.namenode.FSNamesystem.getAdditionalBlock(FSNamesystem.java:2977)
	at org.apache.hadoop.hdfs.server.namenode.NameNodeRpcServer.addBlock(NameNodeRpcServer.java:912)
	at org.apache.hadoop.hdfs.protocolPB.ClientNamenodeProtocolServerSideTranslatorPB.addBlock(ClientNamenodeProtocolServerSideTranslatorPB.java:595)
	at org.apache.hadoop.hdfs.protocol.proto.ClientNamenodeProtocolProtos$ClientNamenodeProtocol$2.callBlockingMethod(ClientNamenodeProtocolProtos.java)
	at org.apache.hadoop.ipc.ProtobufRpcEngine2$Server$ProtoBufRpcInvoker.call(ProtobufRpcEngine2.java:621)
	at org.apache.hadoop.ipc.ProtobufRpcEngine2$Server$ProtoBufRpcInvoker.call(ProtobufRpcEngine2.java:589)
	at org.apache.hadoop.ipc.ProtobufRpcEngine2$Server$ProtoBufRpcInvoker.call(ProtobufRpcEngine2.java:573)
	at org.apache.hadoop.ipc.RPC$Server.call(RPC.java:1227)
	at org.apache.hadoop.ipc.Server$RpcCall.run(Server.java:1094)
	at org.apache.hadoop.ipc.Server$RpcCall.run(Server.java:1017)
	at java.security.AccessController.doPrivileged(Native Method)
	at javax.security.auth.Subject.doAs(Subject.java:422)
	at org.apache.hadoop.security.UserGroupInformation.doAs(UserGroupInformation.java:1899)
	at org.apache.hadoop.ipc.Server$Handler.run(Server.java:3048)

	at org.apache.hadoop.ipc.Client.getRpcResponse(Client.java:1612)
	at org.apache.hadoop.ipc.Client.call(Client.java:1558)
	at org.apache.hadoop.ipc.Client.call(Client.java:1455)
	at org.apache.hadoop.ipc.ProtobufRpcEngine2$Invoker.invoke(ProtobufRpcEngine2.java:242)
	at org.apache.hadoop.ipc.ProtobufRpcEngine2$Invoker.invoke(ProtobufRpcEngine2.java:129)
	at com.sun.proxy.$Proxy28.addBlock(Unknown Source)
	at org.apache.hadoop.hdfs.protocolPB.ClientNamenodeProtocolTranslatorPB.addBlock(ClientNamenodeProtocolTranslatorPB.java:530)
	at jdk.internal.reflect.GeneratedMethodAccessor130.invoke(Unknown Source)
	at java.base/jdk.internal.reflect.DelegatingMethodAccessorImpl.invoke(Unknown Source)
	at java.base/java.lang.reflect.Method.invoke(Unknown Source)
	at org.apache.hadoop.io.retry.RetryInvocationHandler.invokeMethod(RetryInvocationHandler.java:422)
	at org.apache.hadoop.io.retry.RetryInvocationHandler$Call.invokeMethod(RetryInvocationHandler.java:165)
	at org.apache.hadoop.io.retry.RetryInvocationHandler$Call.invoke(RetryInvocationHandler.java:157)
	at org.apache.hadoop.io.retry.RetryInvocationHandler$Call.invokeOnce(RetryInvocationHandler.java:95)
	at org.apache.hadoop.io.retry.RetryInvocationHandler.invoke(RetryInvocationHandler.java:359)
	at com.sun.proxy.$Proxy29.addBlock(Unknown Source)
	at org.apache.hadoop.hdfs.DFSOutputStream.addBlock(DFSOutputStream.java:1088)
	... 3 more

Driver stacktrace:
	at org.apache.spark.scheduler.DAGScheduler.failJobAndIndependentStages(DAGScheduler.scala:2672)
	at org.apache.spark.scheduler.DAGScheduler.$anonfun$abortStage$2(DAGScheduler.scala:2608)
	at org.apache.spark.scheduler.DAGScheduler.$anonfun$abortStage$2$adapted(DAGScheduler.scala:2607)
	at scala.collection.mutable.ResizableArray.foreach(ResizableArray.scala:62)
	at scala.collection.mutable.ResizableArray.foreach$(ResizableArray.scala:55)
	at scala.collection.mutable.ArrayBuffer.foreach(ArrayBuffer.scala:49)
	at org.apache.spark.scheduler.DAGScheduler.abortStage(DAGScheduler.scala:2607)
	at org.apache.spark.scheduler.DAGScheduler.$anonfun$handleTaskSetFailed$1(DAGScheduler.scala:1182)
	at org.apache.spark.scheduler.DAGScheduler.$anonfun$handleTaskSetFailed$1$adapted(DAGScheduler.scala:1182)
	at scala.Option.foreach(Option.scala:407)
	at org.apache.spark.scheduler.DAGScheduler.handleTaskSetFailed(DAGScheduler.scala:1182)
	at org.apache.spark.scheduler.DAGSchedulerEventProcessLoop.doOnReceive(DAGScheduler.scala:2860)
	at org.apache.spark.scheduler.DAGSchedulerEventProcessLoop.onReceive(DAGScheduler.scala:2802)
	at org.apache.spark.scheduler.DAGSchedulerEventProcessLoop.onReceive(DAGScheduler.scala:2791)
	at org.apache.spark.util.EventLoop$$anon$1.run(EventLoop.scala:49)
	at org.apache.spark.scheduler.DAGScheduler.runJob(DAGScheduler.scala:952)
	at org.apache.spark.SparkContext.runJob(SparkContext.scala:2228)
	at org.apache.spark.sql.execution.datasources.FileFormatWriter$.write(FileFormatWriter.scala:245)
	at org.apache.spark.sql.execution.datasources.InsertIntoHadoopFsRelationCommand.run(InsertIntoHadoopFsRelationCommand.scala:186)
	at org.apache.spark.sql.execution.command.DataWritingCommandExec.sideEffectResult$lzycompute(commands.scala:113)
	at org.apache.spark.sql.execution.command.DataWritingCommandExec.sideEffectResult(commands.scala:111)
	at org.apache.spark.sql.execution.command.DataWritingCommandExec.executeCollect(commands.scala:125)
	at org.apache.spark.sql.execution.QueryExecution$$anonfun$eagerlyExecuteCommands$1.$anonfun$applyOrElse$1(QueryExecution.scala:98)
	at org.apache.spark.sql.execution.SQLExecution$.$anonfun$withNewExecutionId$6(SQLExecution.scala:109)
	at org.apache.spark.sql.execution.SQLExecution$.withSQLConfPropagated(SQLExecution.scala:169)
	at org.apache.spark.sql.execution.SQLExecution$.$anonfun$withNewExecutionId$1(SQLExecution.scala:95)
	at org.apache.spark.sql.SparkSession.withActive(SparkSession.scala:779)
	at org.apache.spark.sql.execution.SQLExecution$.withNewExecutionId(SQLExecution.scala:64)
	at org.apache.spark.sql.execution.QueryExecution$$anonfun$eagerlyExecuteCommands$1.applyOrElse(QueryExecution.scala:98)
	at org.apache.spark.sql.execution.QueryExecution$$anonfun$eagerlyExecuteCommands$1.applyOrElse(QueryExecution.scala:94)
	at org.apache.spark.sql.catalyst.trees.TreeNode.$anonfun$transformDownWithPruning$1(TreeNode.scala:584)
	at org.apache.spark.sql.catalyst.trees.CurrentOrigin$.withOrigin(TreeNode.scala:176)
	at org.apache.spark.sql.catalyst.trees.TreeNode.transformDownWithPruning(TreeNode.scala:584)
	at org.apache.spark.sql.catalyst.plans.logical.LogicalPlan.org$apache$spark$sql$catalyst$plans$logical$AnalysisHelper$$super$transformDownWithPruning(LogicalPlan.scala:30)
	at org.apache.spark.sql.catalyst.plans.logical.AnalysisHelper.transformDownWithPruning(AnalysisHelper.scala:267)
	at org.apache.spark.sql.catalyst.plans.logical.AnalysisHelper.transformDownWithPruning$(AnalysisHelper.scala:263)
	at org.apache.spark.sql.catalyst.plans.logical.LogicalPlan.transformDownWithPruning(LogicalPlan.scala:30)
	at org.apache.spark.sql.catalyst.plans.logical.LogicalPlan.transformDownWithPruning(LogicalPlan.scala:30)
	at org.apache.spark.sql.catalyst.trees.TreeNode.transformDown(TreeNode.scala:560)
	at org.apache.spark.sql.execution.QueryExecution.eagerlyExecuteCommands(QueryExecution.scala:94)
	at org.apache.spark.sql.execution.QueryExecution.commandExecuted$lzycompute(QueryExecution.scala:81)
	at org.apache.spark.sql.execution.QueryExecution.commandExecuted(QueryExecution.scala:79)
	at org.apache.spark.sql.execution.QueryExecution.assertCommandExecuted(QueryExecution.scala:116)
	at org.apache.spark.sql.DataFrameWriter.runCommand(DataFrameWriter.scala:860)
	at org.apache.spark.sql.DataFrameWriter.insertInto(DataFrameWriter.scala:489)
	at org.apache.spark.sql.DataFrameWriter.insertInto(DataFrameWriter.scala:444)
	at com.fiberhome.ml.raha.repository.adapter.fmdb.gateway.SparkSqlFmdbTableGateway.appendDirect(SparkSqlFmdbTableGateway.java:208)
	at com.fiberhome.ml.raha.repository.adapter.fmdb.gateway.SparkSqlFmdbTableGateway.append(SparkSqlFmdbTableGateway.java:115)
	at com.fiberhome.ml.raha.repository.adapter.fmdb.FmdbModelStore.save(FmdbModelStore.java:138)
	at com.fiberhome.ml.raha.service.train.RahaTrainService.trainColumn(RahaTrainService.java:487)
	at com.fiberhome.ml.raha.service.train.RahaTrainService.lambda$train$0(RahaTrainService.java:359)
	at com.fiberhome.ml.raha.parallel.BoundedParallelExecutor.lambda$execute$1(BoundedParallelExecutor.java:75)
	at java.base/java.util.concurrent.FutureTask.run(Unknown Source)
	at java.base/java.util.concurrent.ThreadPoolExecutor.runWorker(Unknown Source)
	at java.base/java.util.concurrent.ThreadPoolExecutor$Worker.run(Unknown Source)
	at java.base/java.lang.Thread.run(Unknown Source)
Caused by: org.apache.spark.SparkException: Task failed while writing rows.
	at org.apache.spark.sql.errors.QueryExecutionErrors$.taskFailedWhileWritingRowsError(QueryExecutionErrors.scala:655)
	at org.apache.spark.sql.execution.datasources.FileFormatWriter$.executeTask(FileFormatWriter.scala:348)
	at org.apache.spark.sql.execution.datasources.FileFormatWriter$.$anonfun$write$21(FileFormatWriter.scala:256)
	at org.apache.spark.scheduler.ResultTask.runTask(ResultTask.scala:90)
	at org.apache.spark.scheduler.Task.run(Task.scala:136)
	at org.apache.spark.executor.Executor$TaskRunner.$anonfun$run$3(Executor.scala:548)
	at org.apache.spark.util.Utils$.tryWithSafeFinally(Utils.scala:1504)
	at org.apache.spark.executor.Executor$TaskRunner.run(Executor.scala:551)
	... 3 more
Caused by: java.io.FileNotFoundException: File does not exist: /user/hive/warehouse/dw.db/raha_model_artifact/_temporary/0/_temporary/attempt_20260721135907915778209515565675_1201_m_000000_1404/part-00000-49bce2a1-87d4-4972-bfce-5a2afc749387-c000.snappy.orc (inode 49248) [Lease.  Holder: DFSClient_NONMAPREDUCE_421119096_1, pending creates: 1]
	at org.apache.hadoop.hdfs.server.namenode.FSNamesystem.checkLease(FSNamesystem.java:3103)
	at org.apache.hadoop.hdfs.server.namenode.FSDirWriteFileOp.analyzeFileState(FSDirWriteFileOp.java:610)
	at org.apache.hadoop.hdfs.server.namenode.FSDirWriteFileOp.validateAddBlock(FSDirWriteFileOp.java:171)
	at org.apache.hadoop.hdfs.server.namenode.FSNamesystem.getAdditionalBlock(FSNamesystem.java:2977)
	at org.apache.hadoop.hdfs.server.namenode.NameNodeRpcServer.addBlock(NameNodeRpcServer.java:912)
	at org.apache.hadoop.hdfs.protocolPB.ClientNamenodeProtocolServerSideTranslatorPB.addBlock(ClientNamenodeProtocolServerSideTranslatorPB.java:595)
	at org.apache.hadoop.hdfs.protocol.proto.ClientNamenodeProtocolProtos$ClientNamenodeProtocol$2.callBlockingMethod(ClientNamenodeProtocolProtos.java)
	at org.apache.hadoop.ipc.ProtobufRpcEngine2$Server$ProtoBufRpcInvoker.call(ProtobufRpcEngine2.java:621)
	at org.apache.hadoop.ipc.ProtobufRpcEngine2$Server$ProtoBufRpcInvoker.call(ProtobufRpcEngine2.java:589)
	at org.apache.hadoop.ipc.ProtobufRpcEngine2$Server$ProtoBufRpcInvoker.call(ProtobufRpcEngine2.java:573)
	at org.apache.hadoop.ipc.RPC$Server.call(RPC.java:1227)
	at org.apache.hadoop.ipc.Server$RpcCall.run(Server.java:1094)
	at org.apache.hadoop.ipc.Server$RpcCall.run(Server.java:1017)
	at java.security.AccessController.doPrivileged(Native Method)
	at javax.security.auth.Subject.doAs(Subject.java:422)
	at org.apache.hadoop.security.UserGroupInformation.doAs(UserGroupInformation.java:1899)
	at org.apache.hadoop.ipc.Server$Handler.run(Server.java:3048)

	at java.base/jdk.internal.reflect.NativeConstructorAccessorImpl.newInstance0(Native Method)
	at java.base/jdk.internal.reflect.NativeConstructorAccessorImpl.newInstance(Unknown Source)
	at java.base/jdk.internal.reflect.DelegatingConstructorAccessorImpl.newInstance(Unknown Source)
	at java.base/java.lang.reflect.Constructor.newInstance(Unknown Source)
	at org.apache.hadoop.ipc.RemoteException.instantiateException(RemoteException.java:121)
	at org.apache.hadoop.ipc.RemoteException.unwrapRemoteException(RemoteException.java:88)
	at org.apache.hadoop.hdfs.DFSOutputStream.addBlock(DFSOutputStream.java:1091)
	at org.apache.hadoop.hdfs.DataStreamer.locateFollowingBlock(DataStreamer.java:1915)
	at org.apache.hadoop.hdfs.DataStreamer.nextBlockOutputStream(DataStreamer.java:1717)
	at org.apache.hadoop.hdfs.DataStreamer.run(DataStreamer.java:713)
Caused by: org.apache.hadoop.ipc.RemoteException(java.io.FileNotFoundException): File does not exist: /user/hive/warehouse/dw.db/raha_model_artifact/_temporary/0/_temporary/attempt_20260721135907915778209515565675_1201_m_000000_1404/part-00000-49bce2a1-87d4-4972-bfce-5a2afc749387-c000.snappy.orc (inode 49248) [Lease.  Holder: DFSClient_NONMAPREDUCE_421119096_1, pending creates: 1]
	at org.apache.hadoop.hdfs.server.namenode.FSNamesystem.checkLease(FSNamesystem.java:3103)
	at org.apache.hadoop.hdfs.server.namenode.FSDirWriteFileOp.analyzeFileState(FSDirWriteFileOp.java:610)
	at org.apache.hadoop.hdfs.server.namenode.FSDirWriteFileOp.validateAddBlock(FSDirWriteFileOp.java:171)
	at org.apache.hadoop.hdfs.server.namenode.FSNamesystem.getAdditionalBlock(FSNamesystem.java:2977)
	at org.apache.hadoop.hdfs.server.namenode.NameNodeRpcServer.addBlock(NameNodeRpcServer.java:912)
	at org.apache.hadoop.hdfs.protocolPB.ClientNamenodeProtocolServerSideTranslatorPB.addBlock(ClientNamenodeProtocolServerSideTranslatorPB.java:595)
	at org.apache.hadoop.hdfs.protocol.proto.ClientNamenodeProtocolProtos$ClientNamenodeProtocol$2.callBlockingMethod(ClientNamenodeProtocolProtos.java)
	at org.apache.hadoop.ipc.ProtobufRpcEngine2$Server$ProtoBufRpcInvoker.call(ProtobufRpcEngine2.java:621)
	at org.apache.hadoop.ipc.ProtobufRpcEngine2$Server$ProtoBufRpcInvoker.call(ProtobufRpcEngine2.java:589)
	at org.apache.hadoop.ipc.ProtobufRpcEngine2$Server$ProtoBufRpcInvoker.call(ProtobufRpcEngine2.java:573)
	at org.apache.hadoop.ipc.RPC$Server.call(RPC.java:1227)
	at org.apache.hadoop.ipc.Server$RpcCall.run(Server.java:1094)
	at org.apache.hadoop.ipc.Server$RpcCall.run(Server.java:1017)
	at java.security.AccessController.doPrivileged(Native Method)
	at javax.security.auth.Subject.doAs(Subject.java:422)
	at org.apache.hadoop.security.UserGroupInformation.doAs(UserGroupInformation.java:1899)
	at org.apache.hadoop.ipc.Server$Handler.run(Server.java:3048)

	at org.apache.hadoop.ipc.Client.getRpcResponse(Client.java:1612)
	at org.apache.hadoop.ipc.Client.call(Client.java:1558)
	at org.apache.hadoop.ipc.Client.call(Client.java:1455)
	at org.apache.hadoop.ipc.ProtobufRpcEngine2$Invoker.invoke(ProtobufRpcEngine2.java:242)
	at org.apache.hadoop.ipc.ProtobufRpcEngine2$Invoker.invoke(ProtobufRpcEngine2.java:129)
	at com.sun.proxy.$Proxy28.addBlock(Unknown Source)
	at org.apache.hadoop.hdfs.protocolPB.ClientNamenodeProtocolTranslatorPB.addBlock(ClientNamenodeProtocolTranslatorPB.java:530)
	at jdk.internal.reflect.GeneratedMethodAccessor130.invoke(Unknown Source)
	at java.base/jdk.internal.reflect.DelegatingMethodAccessorImpl.invoke(Unknown Source)
	at java.base/java.lang.reflect.Method.invoke(Unknown Source)
	at org.apache.hadoop.io.retry.RetryInvocationHandler.invokeMethod(RetryInvocationHandler.java:422)
	at org.apache.hadoop.io.retry.RetryInvocationHandler$Call.invokeMethod(RetryInvocationHandler.java:165)
	at org.apache.hadoop.io.retry.RetryInvocationHandler$Call.invoke(RetryInvocationHandler.java:157)
	at org.apache.hadoop.io.retry.RetryInvocationHandler$Call.invokeOnce(RetryInvocationHandler.java:95)
	at org.apache.hadoop.io.retry.RetryInvocationHandler.invoke(RetryInvocationHandler.java:359)
	at com.sun.proxy.$Proxy29.addBlock(Unknown Source)
	at org.apache.hadoop.hdfs.DFSOutputStream.addBlock(DFSOutputStream.java:1088)
	... 3 more
26/07/21 13:59:08 WARN InstanceBuilder$NativeBLAS: Failed to load implementation from:dev.ludovic.netlib.blas.JNIBLAS
26/07/21 13:59:08 WARN InstanceBuilder$NativeBLAS: Failed to load implementation from:dev.ludovic.netlib.blas.ForeignLinkerBLAS
26/07/21 13:59:14 ERROR BoundedParallelExecutor: 并行工作项执行失败，workKey=phone
org.apache.spark.SparkException: Job aborted.
	at org.apache.spark.sql.errors.QueryExecutionErrors$.jobAbortedError(QueryExecutionErrors.scala:651)
	at org.apache.spark.sql.execution.datasources.FileFormatWriter$.write(FileFormatWriter.scala:278)
	at org.apache.spark.sql.execution.datasources.InsertIntoHadoopFsRelationCommand.run(InsertIntoHadoopFsRelationCommand.scala:186)
	at org.apache.spark.sql.execution.command.DataWritingCommandExec.sideEffectResult$lzycompute(commands.scala:113)
	at org.apache.spark.sql.execution.command.DataWritingCommandExec.sideEffectResult(commands.scala:111)
	at org.apache.spark.sql.execution.command.DataWritingCommandExec.executeCollect(commands.scala:125)
	at org.apache.spark.sql.execution.QueryExecution$$anonfun$eagerlyExecuteCommands$1.$anonfun$applyOrElse$1(QueryExecution.scala:98)
	at org.apache.spark.sql.execution.SQLExecution$.$anonfun$withNewExecutionId$6(SQLExecution.scala:109)
	at org.apache.spark.sql.execution.SQLExecution$.withSQLConfPropagated(SQLExecution.scala:169)
	at org.apache.spark.sql.execution.SQLExecution$.$anonfun$withNewExecutionId$1(SQLExecution.scala:95)
	at org.apache.spark.sql.SparkSession.withActive(SparkSession.scala:779)
	at org.apache.spark.sql.execution.SQLExecution$.withNewExecutionId(SQLExecution.scala:64)
	at org.apache.spark.sql.execution.QueryExecution$$anonfun$eagerlyExecuteCommands$1.applyOrElse(QueryExecution.scala:98)
	at org.apache.spark.sql.execution.QueryExecution$$anonfun$eagerlyExecuteCommands$1.applyOrElse(QueryExecution.scala:94)
	at org.apache.spark.sql.catalyst.trees.TreeNode.$anonfun$transformDownWithPruning$1(TreeNode.scala:584)
	at org.apache.spark.sql.catalyst.trees.CurrentOrigin$.withOrigin(TreeNode.scala:176)
	at org.apache.spark.sql.catalyst.trees.TreeNode.transformDownWithPruning(TreeNode.scala:584)
	at org.apache.spark.sql.catalyst.plans.logical.LogicalPlan.org$apache$spark$sql$catalyst$plans$logical$AnalysisHelper$$super$transformDownWithPruning(LogicalPlan.scala:30)
	at org.apache.spark.sql.catalyst.plans.logical.AnalysisHelper.transformDownWithPruning(AnalysisHelper.scala:267)
	at org.apache.spark.sql.catalyst.plans.logical.AnalysisHelper.transformDownWithPruning$(AnalysisHelper.scala:263)
	at org.apache.spark.sql.catalyst.plans.logical.LogicalPlan.transformDownWithPruning(LogicalPlan.scala:30)
	at org.apache.spark.sql.catalyst.plans.logical.LogicalPlan.transformDownWithPruning(LogicalPlan.scala:30)
	at org.apache.spark.sql.catalyst.trees.TreeNode.transformDown(TreeNode.scala:560)
	at org.apache.spark.sql.execution.QueryExecution.eagerlyExecuteCommands(QueryExecution.scala:94)
	at org.apache.spark.sql.execution.QueryExecution.commandExecuted$lzycompute(QueryExecution.scala:81)
	at org.apache.spark.sql.execution.QueryExecution.commandExecuted(QueryExecution.scala:79)
	at org.apache.spark.sql.execution.QueryExecution.assertCommandExecuted(QueryExecution.scala:116)
	at org.apache.spark.sql.DataFrameWriter.runCommand(DataFrameWriter.scala:860)
	at org.apache.spark.sql.DataFrameWriter.insertInto(DataFrameWriter.scala:489)
	at org.apache.spark.sql.DataFrameWriter.insertInto(DataFrameWriter.scala:444)
	at com.fiberhome.ml.raha.repository.adapter.fmdb.gateway.SparkSqlFmdbTableGateway.appendDirect(SparkSqlFmdbTableGateway.java:208)
	at com.fiberhome.ml.raha.repository.adapter.fmdb.gateway.SparkSqlFmdbTableGateway.append(SparkSqlFmdbTableGateway.java:115)
	at com.fiberhome.ml.raha.repository.adapter.fmdb.FmdbModelStore.save(FmdbModelStore.java:138)
	at com.fiberhome.ml.raha.service.train.RahaTrainService.trainColumn(RahaTrainService.java:487)
	at com.fiberhome.ml.raha.service.train.RahaTrainService.lambda$train$0(RahaTrainService.java:359)
	at com.fiberhome.ml.raha.parallel.BoundedParallelExecutor.lambda$execute$1(BoundedParallelExecutor.java:75)
	at java.base/java.util.concurrent.FutureTask.run(Unknown Source)
	at java.base/java.util.concurrent.ThreadPoolExecutor.runWorker(Unknown Source)
	at java.base/java.util.concurrent.ThreadPoolExecutor$Worker.run(Unknown Source)
	at java.base/java.lang.Thread.run(Unknown Source)
Caused by: org.apache.spark.SparkException: Job aborted due to stage failure: Task 0 in stage 1201.0 failed 1 times, most recent failure: Lost task 0.0 in stage 1201.0 (TID 1404) (sql-analysis-0 executor driver): org.apache.spark.SparkException: Task failed while writing rows.
	at org.apache.spark.sql.errors.QueryExecutionErrors$.taskFailedWhileWritingRowsError(QueryExecutionErrors.scala:655)
	at org.apache.spark.sql.execution.datasources.FileFormatWriter$.executeTask(FileFormatWriter.scala:348)
	at org.apache.spark.sql.execution.datasources.FileFormatWriter$.$anonfun$write$21(FileFormatWriter.scala:256)
	at org.apache.spark.scheduler.ResultTask.runTask(ResultTask.scala:90)
	at org.apache.spark.scheduler.Task.run(Task.scala:136)
	at org.apache.spark.executor.Executor$TaskRunner.$anonfun$run$3(Executor.scala:548)
	at org.apache.spark.util.Utils$.tryWithSafeFinally(Utils.scala:1504)
	at org.apache.spark.executor.Executor$TaskRunner.run(Executor.scala:551)
	at java.base/java.util.concurrent.ThreadPoolExecutor.runWorker(Unknown Source)
	at java.base/java.util.concurrent.ThreadPoolExecutor$Worker.run(Unknown Source)
	at java.base/java.lang.Thread.run(Unknown Source)
Caused by: java.io.FileNotFoundException: File does not exist: /user/hive/warehouse/dw.db/raha_model_artifact/_temporary/0/_temporary/attempt_20260721135907915778209515565675_1201_m_000000_1404/part-00000-49bce2a1-87d4-4972-bfce-5a2afc749387-c000.snappy.orc (inode 49248) [Lease.  Holder: DFSClient_NONMAPREDUCE_421119096_1, pending creates: 1]
	at org.apache.hadoop.hdfs.server.namenode.FSNamesystem.checkLease(FSNamesystem.java:3103)
	at org.apache.hadoop.hdfs.server.namenode.FSDirWriteFileOp.analyzeFileState(FSDirWriteFileOp.java:610)
	at org.apache.hadoop.hdfs.server.namenode.FSDirWriteFileOp.validateAddBlock(FSDirWriteFileOp.java:171)
	at org.apache.hadoop.hdfs.server.namenode.FSNamesystem.getAdditionalBlock(FSNamesystem.java:2977)
	at org.apache.hadoop.hdfs.server.namenode.NameNodeRpcServer.addBlock(NameNodeRpcServer.java:912)
	at org.apache.hadoop.hdfs.protocolPB.ClientNamenodeProtocolServerSideTranslatorPB.addBlock(ClientNamenodeProtocolServerSideTranslatorPB.java:595)
	at org.apache.hadoop.hdfs.protocol.proto.ClientNamenodeProtocolProtos$ClientNamenodeProtocol$2.callBlockingMethod(ClientNamenodeProtocolProtos.java)
	at org.apache.hadoop.ipc.ProtobufRpcEngine2$Server$ProtoBufRpcInvoker.call(ProtobufRpcEngine2.java:621)
	at org.apache.hadoop.ipc.ProtobufRpcEngine2$Server$ProtoBufRpcInvoker.call(ProtobufRpcEngine2.java:589)
	at org.apache.hadoop.ipc.ProtobufRpcEngine2$Server$ProtoBufRpcInvoker.call(ProtobufRpcEngine2.java:573)
	at org.apache.hadoop.ipc.RPC$Server.call(RPC.java:1227)
	at org.apache.hadoop.ipc.Server$RpcCall.run(Server.java:1094)
	at org.apache.hadoop.ipc.Server$RpcCall.run(Server.java:1017)
	at java.security.AccessController.doPrivileged(Native Method)
	at javax.security.auth.Subject.doAs(Subject.java:422)
	at org.apache.hadoop.security.UserGroupInformation.doAs(UserGroupInformation.java:1899)
	at org.apache.hadoop.ipc.Server$Handler.run(Server.java:3048)

	at java.base/jdk.internal.reflect.NativeConstructorAccessorImpl.newInstance0(Native Method)
	at java.base/jdk.internal.reflect.NativeConstructorAccessorImpl.newInstance(Unknown Source)
	at java.base/jdk.internal.reflect.DelegatingConstructorAccessorImpl.newInstance(Unknown Source)
	at java.base/java.lang.reflect.Constructor.newInstance(Unknown Source)
	at org.apache.hadoop.ipc.RemoteException.instantiateException(RemoteException.java:121)
	at org.apache.hadoop.ipc.RemoteException.unwrapRemoteException(RemoteException.java:88)
	at org.apache.hadoop.hdfs.DFSOutputStream.addBlock(DFSOutputStream.java:1091)
	at org.apache.hadoop.hdfs.DataStreamer.locateFollowingBlock(DataStreamer.java:1915)
	at org.apache.hadoop.hdfs.DataStreamer.nextBlockOutputStream(DataStreamer.java:1717)
	at org.apache.hadoop.hdfs.DataStreamer.run(DataStreamer.java:713)
Caused by: org.apache.hadoop.ipc.RemoteException(java.io.FileNotFoundException): File does not exist: /user/hive/warehouse/dw.db/raha_model_artifact/_temporary/0/_temporary/attempt_20260721135907915778209515565675_1201_m_000000_1404/part-00000-49bce2a1-87d4-4972-bfce-5a2afc749387-c000.snappy.orc (inode 49248) [Lease.  Holder: DFSClient_NONMAPREDUCE_421119096_1, pending creates: 1]
	at org.apache.hadoop.hdfs.server.namenode.FSNamesystem.checkLease(FSNamesystem.java:3103)
	at org.apache.hadoop.hdfs.server.namenode.FSDirWriteFileOp.analyzeFileState(FSDirWriteFileOp.java:610)
	at org.apache.hadoop.hdfs.server.namenode.FSDirWriteFileOp.validateAddBlock(FSDirWriteFileOp.java:171)
	at org.apache.hadoop.hdfs.server.namenode.FSNamesystem.getAdditionalBlock(FSNamesystem.java:2977)
	at org.apache.hadoop.hdfs.server.namenode.NameNodeRpcServer.addBlock(NameNodeRpcServer.java:912)
	at org.apache.hadoop.hdfs.protocolPB.ClientNamenodeProtocolServerSideTranslatorPB.addBlock(ClientNamenodeProtocolServerSideTranslatorPB.java:595)
	at org.apache.hadoop.hdfs.protocol.proto.ClientNamenodeProtocolProtos$ClientNamenodeProtocol$2.callBlockingMethod(ClientNamenodeProtocolProtos.java)
	at org.apache.hadoop.ipc.ProtobufRpcEngine2$Server$ProtoBufRpcInvoker.call(ProtobufRpcEngine2.java:621)
	at org.apache.hadoop.ipc.ProtobufRpcEngine2$Server$ProtoBufRpcInvoker.call(ProtobufRpcEngine2.java:589)
	at org.apache.hadoop.ipc.ProtobufRpcEngine2$Server$ProtoBufRpcInvoker.call(ProtobufRpcEngine2.java:573)
	at org.apache.hadoop.ipc.RPC$Server.call(RPC.java:1227)
	at org.apache.hadoop.ipc.Server$RpcCall.run(Server.java:1094)
	at org.apache.hadoop.ipc.Server$RpcCall.run(Server.java:1017)
	at java.security.AccessController.doPrivileged(Native Method)
	at javax.security.auth.Subject.doAs(Subject.java:422)
	at org.apache.hadoop.security.UserGroupInformation.doAs(UserGroupInformation.java:1899)
	at org.apache.hadoop.ipc.Server$Handler.run(Server.java:3048)

	at org.apache.hadoop.ipc.Client.getRpcResponse(Client.java:1612)
	at org.apache.hadoop.ipc.Client.call(Client.java:1558)
	at org.apache.hadoop.ipc.Client.call(Client.java:1455)
	at org.apache.hadoop.ipc.ProtobufRpcEngine2$Invoker.invoke(ProtobufRpcEngine2.java:242)
	at org.apache.hadoop.ipc.ProtobufRpcEngine2$Invoker.invoke(ProtobufRpcEngine2.java:129)
	at com.sun.proxy.$Proxy28.addBlock(Unknown Source)
	at org.apache.hadoop.hdfs.protocolPB.ClientNamenodeProtocolTranslatorPB.addBlock(ClientNamenodeProtocolTranslatorPB.java:530)
	at jdk.internal.reflect.GeneratedMethodAccessor130.invoke(Unknown Source)
	at java.base/jdk.internal.reflect.DelegatingMethodAccessorImpl.invoke(Unknown Source)
	at java.base/java.lang.reflect.Method.invoke(Unknown Source)
	at org.apache.hadoop.io.retry.RetryInvocationHandler.invokeMethod(RetryInvocationHandler.java:422)
	at org.apache.hadoop.io.retry.RetryInvocationHandler$Call.invokeMethod(RetryInvocationHandler.java:165)
	at org.apache.hadoop.io.retry.RetryInvocationHandler$Call.invoke(RetryInvocationHandler.java:157)
	at org.apache.hadoop.io.retry.RetryInvocationHandler$Call.invokeOnce(RetryInvocationHandler.java:95)
	at org.apache.hadoop.io.retry.RetryInvocationHandler.invoke(RetryInvocationHandler.java:359)
	at com.sun.proxy.$Proxy29.addBlock(Unknown Source)
	at org.apache.hadoop.hdfs.DFSOutputStream.addBlock(DFSOutputStream.java:1088)
	... 3 more

Driver stacktrace:
	at org.apache.spark.scheduler.DAGScheduler.failJobAndIndependentStages(DAGScheduler.scala:2672)
	at org.apache.spark.scheduler.DAGScheduler.$anonfun$abortStage$2(DAGScheduler.scala:2608)
	at org.apache.spark.scheduler.DAGScheduler.$anonfun$abortStage$2$adapted(DAGScheduler.scala:2607)
	at scala.collection.mutable.ResizableArray.foreach(ResizableArray.scala:62)
	at scala.collection.mutable.ResizableArray.foreach$(ResizableArray.scala:55)
	at scala.collection.mutable.ArrayBuffer.foreach(ArrayBuffer.scala:49)
	at org.apache.spark.scheduler.DAGScheduler.abortStage(DAGScheduler.scala:2607)
	at org.apache.spark.scheduler.DAGScheduler.$anonfun$handleTaskSetFailed$1(DAGScheduler.scala:1182)
	at org.apache.spark.scheduler.DAGScheduler.$anonfun$handleTaskSetFailed$1$adapted(DAGScheduler.scala:1182)
	at scala.Option.foreach(Option.scala:407)
	at org.apache.spark.scheduler.DAGScheduler.handleTaskSetFailed(DAGScheduler.scala:1182)
	at org.apache.spark.scheduler.DAGSchedulerEventProcessLoop.doOnReceive(DAGScheduler.scala:2860)
	at org.apache.spark.scheduler.DAGSchedulerEventProcessLoop.onReceive(DAGScheduler.scala:2802)
	at org.apache.spark.scheduler.DAGSchedulerEventProcessLoop.onReceive(DAGScheduler.scala:2791)
	at org.apache.spark.util.EventLoop$$anon$1.run(EventLoop.scala:49)
	at org.apache.spark.scheduler.DAGScheduler.runJob(DAGScheduler.scala:952)
	at org.apache.spark.SparkContext.runJob(SparkContext.scala:2228)
	at org.apache.spark.sql.execution.datasources.FileFormatWriter$.write(FileFormatWriter.scala:245)
	... 38 more
Caused by: org.apache.spark.SparkException: Task failed while writing rows.
	at org.apache.spark.sql.errors.QueryExecutionErrors$.taskFailedWhileWritingRowsError(QueryExecutionErrors.scala:655)
	at org.apache.spark.sql.execution.datasources.FileFormatWriter$.executeTask(FileFormatWriter.scala:348)
	at org.apache.spark.sql.execution.datasources.FileFormatWriter$.$anonfun$write$21(FileFormatWriter.scala:256)
	at org.apache.spark.scheduler.ResultTask.runTask(ResultTask.scala:90)
	at org.apache.spark.scheduler.Task.run(Task.scala:136)
	at org.apache.spark.executor.Executor$TaskRunner.$anonfun$run$3(Executor.scala:548)
	at org.apache.spark.util.Utils$.tryWithSafeFinally(Utils.scala:1504)
	at org.apache.spark.executor.Executor$TaskRunner.run(Executor.scala:551)
	... 3 more
Caused by: java.io.FileNotFoundException: File does not exist: /user/hive/warehouse/dw.db/raha_model_artifact/_temporary/0/_temporary/attempt_20260721135907915778209515565675_1201_m_000000_1404/part-00000-49bce2a1-87d4-4972-bfce-5a2afc749387-c000.snappy.orc (inode 49248) [Lease.  Holder: DFSClient_NONMAPREDUCE_421119096_1, pending creates: 1]
	at org.apache.hadoop.hdfs.server.namenode.FSNamesystem.checkLease(FSNamesystem.java:3103)
	at org.apache.hadoop.hdfs.server.namenode.FSDirWriteFileOp.analyzeFileState(FSDirWriteFileOp.java:610)
	at org.apache.hadoop.hdfs.server.namenode.FSDirWriteFileOp.validateAddBlock(FSDirWriteFileOp.java:171)
	at org.apache.hadoop.hdfs.server.namenode.FSNamesystem.getAdditionalBlock(FSNamesystem.java:2977)
	at org.apache.hadoop.hdfs.server.namenode.NameNodeRpcServer.addBlock(NameNodeRpcServer.java:912)
	at org.apache.hadoop.hdfs.protocolPB.ClientNamenodeProtocolServerSideTranslatorPB.addBlock(ClientNamenodeProtocolServerSideTranslatorPB.java:595)
	at org.apache.hadoop.hdfs.protocol.proto.ClientNamenodeProtocolProtos$ClientNamenodeProtocol$2.callBlockingMethod(ClientNamenodeProtocolProtos.java)
	at org.apache.hadoop.ipc.ProtobufRpcEngine2$Server$ProtoBufRpcInvoker.call(ProtobufRpcEngine2.java:621)
	at org.apache.hadoop.ipc.ProtobufRpcEngine2$Server$ProtoBufRpcInvoker.call(ProtobufRpcEngine2.java:589)
	at org.apache.hadoop.ipc.ProtobufRpcEngine2$Server$ProtoBufRpcInvoker.call(ProtobufRpcEngine2.java:573)
	at org.apache.hadoop.ipc.RPC$Server.call(RPC.java:1227)
	at org.apache.hadoop.ipc.Server$RpcCall.run(Server.java:1094)
	at org.apache.hadoop.ipc.Server$RpcCall.run(Server.java:1017)
	at java.security.AccessController.doPrivileged(Native Method)
	at javax.security.auth.Subject.doAs(Subject.java:422)
	at org.apache.hadoop.security.UserGroupInformation.doAs(UserGroupInformation.java:1899)
	at org.apache.hadoop.ipc.Server$Handler.run(Server.java:3048)

	at java.base/jdk.internal.reflect.NativeConstructorAccessorImpl.newInstance0(Native Method)
	at java.base/jdk.internal.reflect.NativeConstructorAccessorImpl.newInstance(Unknown Source)
	at java.base/jdk.internal.reflect.DelegatingConstructorAccessorImpl.newInstance(Unknown Source)
	at java.base/java.lang.reflect.Constructor.newInstance(Unknown Source)
	at org.apache.hadoop.ipc.RemoteException.instantiateException(RemoteException.java:121)
	at org.apache.hadoop.ipc.RemoteException.unwrapRemoteException(RemoteException.java:88)
	at org.apache.hadoop.hdfs.DFSOutputStream.addBlock(DFSOutputStream.java:1091)
	at org.apache.hadoop.hdfs.DataStreamer.locateFollowingBlock(DataStreamer.java:1915)
	at org.apache.hadoop.hdfs.DataStreamer.nextBlockOutputStream(DataStreamer.java:1717)
	at org.apache.hadoop.hdfs.DataStreamer.run(DataStreamer.java:713)
Caused by: org.apache.hadoop.ipc.RemoteException(java.io.FileNotFoundException): File does not exist: /user/hive/warehouse/dw.db/raha_model_artifact/_temporary/0/_temporary/attempt_20260721135907915778209515565675_1201_m_000000_1404/part-00000-49bce2a1-87d4-4972-bfce-5a2afc749387-c000.snappy.orc (inode 49248) [Lease.  Holder: DFSClient_NONMAPREDUCE_421119096_1, pending creates: 1]
	at org.apache.hadoop.hdfs.server.namenode.FSNamesystem.checkLease(FSNamesystem.java:3103)
	at org.apache.hadoop.hdfs.server.namenode.FSDirWriteFileOp.analyzeFileState(FSDirWriteFileOp.java:610)
	at org.apache.hadoop.hdfs.server.namenode.FSDirWriteFileOp.validateAddBlock(FSDirWriteFileOp.java:171)
	at org.apache.hadoop.hdfs.server.namenode.FSNamesystem.getAdditionalBlock(FSNamesystem.java:2977)
	at org.apache.hadoop.hdfs.server.namenode.NameNodeRpcServer.addBlock(NameNodeRpcServer.java:912)
	at org.apache.hadoop.hdfs.protocolPB.ClientNamenodeProtocolServerSideTranslatorPB.addBlock(ClientNamenodeProtocolServerSideTranslatorPB.java:595)
	at org.apache.hadoop.hdfs.protocol.proto.ClientNamenodeProtocolProtos$ClientNamenodeProtocol$2.callBlockingMethod(ClientNamenodeProtocolProtos.java)
	at org.apache.hadoop.ipc.ProtobufRpcEngine2$Server$ProtoBufRpcInvoker.call(ProtobufRpcEngine2.java:621)
	at org.apache.hadoop.ipc.ProtobufRpcEngine2$Server$ProtoBufRpcInvoker.call(ProtobufRpcEngine2.java:589)
	at org.apache.hadoop.ipc.ProtobufRpcEngine2$Server$ProtoBufRpcInvoker.call(ProtobufRpcEngine2.java:573)
	at org.apache.hadoop.ipc.RPC$Server.call(RPC.java:1227)
	at org.apache.hadoop.ipc.Server$RpcCall.run(Server.java:1094)
	at org.apache.hadoop.ipc.Server$RpcCall.run(Server.java:1017)
	at java.security.AccessController.doPrivileged(Native Method)
	at javax.security.auth.Subject.doAs(Subject.java:422)
	at org.apache.hadoop.security.UserGroupInformation.doAs(UserGroupInformation.java:1899)
	at org.apache.hadoop.ipc.Server$Handler.run(Server.java:3048)

	at org.apache.hadoop.ipc.Client.getRpcResponse(Client.java:1612)
	at org.apache.hadoop.ipc.Client.call(Client.java:1558)
	at org.apache.hadoop.ipc.Client.call(Client.java:1455)
	at org.apache.hadoop.ipc.ProtobufRpcEngine2$Invoker.invoke(ProtobufRpcEngine2.java:242)
	at org.apache.hadoop.ipc.ProtobufRpcEngine2$Invoker.invoke(ProtobufRpcEngine2.java:129)
	at com.sun.proxy.$Proxy28.addBlock(Unknown Source)
	at org.apache.hadoop.hdfs.protocolPB.ClientNamenodeProtocolTranslatorPB.addBlock(ClientNamenodeProtocolTranslatorPB.java:530)
	at jdk.internal.reflect.GeneratedMethodAccessor130.invoke(Unknown Source)
	at java.base/jdk.internal.reflect.DelegatingMethodAccessorImpl.invoke(Unknown Source)
	at java.base/java.lang.reflect.Method.invoke(Unknown Source)
	at org.apache.hadoop.io.retry.RetryInvocationHandler.invokeMethod(RetryInvocationHandler.java:422)
	at org.apache.hadoop.io.retry.RetryInvocationHandler$Call.invokeMethod(RetryInvocationHandler.java:165)
	at org.apache.hadoop.io.retry.RetryInvocationHandler$Call.invoke(RetryInvocationHandler.java:157)
	at org.apache.hadoop.io.retry.RetryInvocationHandler$Call.invokeOnce(RetryInvocationHandler.java:95)
	at org.apache.hadoop.io.retry.RetryInvocationHandler.invoke(RetryInvocationHandler.java:359)
	at com.sun.proxy.$Proxy29.addBlock(Unknown Source)
	at org.apache.hadoop.hdfs.DFSOutputStream.addBlock(DFSOutputStream.java:1088)
	... 3 more
26/07/21 13:59:16 WARN ModelQualityGate: 模型质量门禁拒绝退化模型，columnName=home_address，scoreStddev=0.11469766933182678，positiveRatio=0.013333333333333334，trainingF1=1.0
26/07/21 13:59:19 WARN HadoopFSUtils: The directory hdfs://hdfs:9000/user/hive/warehouse/dw.db/raha_job_stage_attempt/dataset_id=person_info/partition_month=2026-07 was not found. Was it deleted very recently?
26/07/21 13:59:21 WARN RahaJobOrchestrator: Raha 阶段部分成功，context=jobId=job-43d61f46-cee7-43b0-ae80-1202caebe51c,stageId=train-8c111baa2b7af233,attemptId=1,snapshotId=snapshot_dw.person_info@content-d6f8fc08216579c6a5e5a9df6ce7617a，stageType=TRAIN，errorCode=PARTIAL_TRAINING_FAILURE，elapsedMillis=25848，totalItemCount=6，failedItemCount=2
26/07/21 13:59:22 WARN HadoopFSUtils: The directory hdfs://hdfs:9000/user/hive/warehouse/dw.db/raha_job_run/dataset_id=person_info/partition_month=2026-07 was not found. Was it deleted very recently?
26/07/21 13:59:22 WARN HadoopFSUtils: The directory hdfs://hdfs:9000/user/hive/warehouse/dw.db/raha_job_stage_attempt/dataset_id=person_info/partition_month=2026-07 was not found. Was it deleted very recently?
26/07/21 13:59:25 WARN HadoopFSUtils: The directory hdfs://hdfs:9000/user/hive/warehouse/dw.db/raha_job_stage_attempt/dataset_id=person_info/partition_month=2026-07 was not found. Was it deleted very recently?
26/07/21 13:59:29 WARN POIDocument: DocumentSummaryInformation property set came back as null
26/07/21 13:59:29 WARN POIDocument: SummaryInformation property set came back as null
[{"status":"SUCCESS","errorcode":null,"errormessage":null,"datasetid":"fmdb-table:dw.person_info","snapshotid":"snapshot_dw.person_info@content-d6f8fc08216579c6a5e5a9df6ce7617a","sourcetype":"SQL","inputreference":null,"createdat":1784642369076,"jobid":"job-43d61f46-cee7-43b0-ae80-1202caebe51c","configversion":"28f100e52b195e873420cab000512643","idempotentkey":"1f85467bc7c054c7c524236dcc4af38d","reused":false,"forcerun":false,"forcerunid":null,"baseexecutioninputfingerprint":"fb46c7070c13f043b88b53d6128e56e6","executioninputfingerprint":"fb46c7070c13f043b88b53d6128e56e6","currentselectrule":"LATEST_SUCCESS_BY_BASE_FINGERPRINT","samplebatchid":"sample_dw.person_info@20260721134516.455","annotationbatchid":"ann_sample_dw.person_info_20260721134516.455_sql","annotationfilename":"sql-auto-label-sample_dw.person_info_20260721134516.455.xls","annotationstatus":"IMPORTED","annotationrecordcount":300,"validannotationcount":300,"invalidannotationcount":0,"modelsetversion":"dw.person_info@20260721135853.933-job-43d61f46-cee7-43b0-ae80-1202caebe51c","columnname":"name","modelversion":"dw.person_info.name@20260721135853.933-job-43d61f46-cee7-43b0-ae80-1202caebe51c","modelstatus":"PUBLISHED","classifiertype":"LOGISTIC_REGRESSION","featuredictionaryversion":"1002c044c4ec7de28b9b093e3a0d460b","strategyplanversion":"0fa6cc8efde1b903440a99b8299f0795","threshold":0.5,"metricjson":"{"conflictingCellCount":0.0,"fallback":0.0,"negativeCount":284.0,"positiveCount":16.0,"predictedPositiveRatio":0.05333333333333334,"qualityGatePassed":1.0,"sampleCount":300.0,"scoreMaximum":0.9999999982670507,"scoreMean":0.05333333500200165,"scoreMinimum":8.88677476996182E-10,"scoreStandardDeviation":0.22469732647730736,"trainingF1":1.0,"trainingPrecision":1.0,"trainingRecall":1.0}","reportzipname":"raha-dettrain_dw.person_info_20260721135929.zip","reportzipurl":"http://localhost:10030/fmdb_report/2026/7/21/raha-dettrain_dw.person_info_20260721135929.zip"},{"status":"SUCCESS","errorcode":null,"errormessage":null,"datasetid":"fmdb-table:dw.person_info","snapshotid":"snapshot_dw.person_info@content-d6f8fc08216579c6a5e5a9df6ce7617a","sourcetype":"SQL","inputreference":null,"createdat":1784642369076,"jobid":"job-43d61f46-cee7-43b0-ae80-1202caebe51c","configversion":"28f100e52b195e873420cab000512643","idempotentkey":"1f85467bc7c054c7c524236dcc4af38d","reused":false,"forcerun":false,"forcerunid":null,"baseexecutioninputfingerprint":"fb46c7070c13f043b88b53d6128e56e6","executioninputfingerprint":"fb46c7070c13f043b88b53d6128e56e6","currentselectrule":"LATEST_SUCCESS_BY_BASE_FINGERPRINT","samplebatchid":"sample_dw.person_info@20260721134516.455","annotationbatchid":"ann_sample_dw.person_info_20260721134516.455_sql","annotationfilename":"sql-auto-label-sample_dw.person_info_20260721134516.455.xls","annotationstatus":"IMPORTED","annotationrecordcount":300,"validannotationcount":300,"invalidannotationcount":0,"modelsetversion":"dw.person_info@20260721135853.933-job-43d61f46-cee7-43b0-ae80-1202caebe51c","columnname":"age","modelversion":"dw.person_info.age@20260721135853.933-job-43d61f46-cee7-43b0-ae80-1202caebe51c","modelstatus":"PUBLISHED","classifiertype":"LOGISTIC_REGRESSION","featuredictionaryversion":"23737757c29ca36387afbe25e71ee919","strategyplanversion":"0fa6cc8efde1b903440a99b8299f0795","threshold":0.5,"metricjson":"{"conflictingCellCount":0.0,"fallback":0.0,"negativeCount":283.0,"positiveCount":25.0,"predictedPositiveRatio":0.08116883116883117,"qualityGatePassed":1.0,"sampleCount":308.0,"scoreMaximum":0.9999999999850149,"scoreMean":0.0811688341162004,"scoreMinimum":7.896109381536356E-10,"scoreStandardDeviation":0.2730942159593661,"trainingF1":1.0,"trainingPrecision":1.0,"trainingRecall":1.0}","reportzipname":"raha-dettrain_dw.person_info_20260721135929.zip","reportzipurl":"http://localhost:10030/fmdb_report/2026/7/21/raha-dettrain_dw.person_info_20260721135929.zip"},{"status":"SUCCESS","errorcode":"FAILED","errormessage":"SparkException","datasetid":"fmdb-table:dw.person_info","snapshotid":"snapshot_dw.person_info@content-d6f8fc08216579c6a5e5a9df6ce7617a","sourcetype":"SQL","inputreference":null,"createdat":1784642369076,"jobid":"job-43d61f46-cee7-43b0-ae80-1202caebe51c","configversion":"28f100e52b195e873420cab000512643","idempotentkey":"1f85467bc7c054c7c524236dcc4af38d","reused":false,"forcerun":false,"forcerunid":null,"baseexecutioninputfingerprint":"fb46c7070c13f043b88b53d6128e56e6","executioninputfingerprint":"fb46c7070c13f043b88b53d6128e56e6","currentselectrule":"LATEST_SUCCESS_BY_BASE_FINGERPRINT","samplebatchid":"sample_dw.person_info@20260721134516.455","annotationbatchid":"ann_sample_dw.person_info_20260721134516.455_sql","annotationfilename":"sql-auto-label-sample_dw.person_info_20260721134516.455.xls","annotationstatus":"IMPORTED","annotationrecordcount":300,"validannotationcount":300,"invalidannotationcount":0,"modelsetversion":"dw.person_info@20260721135853.933-job-43d61f46-cee7-43b0-ae80-1202caebe51c","columnname":"phone","modelversion":null,"modelstatus":"FAILED","classifiertype":null,"featuredictionaryversion":null,"strategyplanversion":null,"threshold":null,"metricjson":"{}","reportzipname":"raha-dettrain_dw.person_info_20260721135929.zip","reportzipurl":"http://localhost:10030/fmdb_report/2026/7/21/raha-dettrain_dw.person_info_20260721135929.zip"},{"status":"SUCCESS","errorcode":null,"errormessage":null,"datasetid":"fmdb-table:dw.person_info","snapshotid":"snapshot_dw.person_info@content-d6f8fc08216579c6a5e5a9df6ce7617a","sourcetype":"SQL","inputreference":null,"createdat":1784642369076,"jobid":"job-43d61f46-cee7-43b0-ae80-1202caebe51c","configversion":"28f100e52b195e873420cab000512643","idempotentkey":"1f85467bc7c054c7c524236dcc4af38d","reused":false,"forcerun":false,"forcerunid":null,"baseexecutioninputfingerprint":"fb46c7070c13f043b88b53d6128e56e6","executioninputfingerprint":"fb46c7070c13f043b88b53d6128e56e6","currentselectrule":"LATEST_SUCCESS_BY_BASE_FINGERPRINT","samplebatchid":"sample_dw.person_info@20260721134516.455","annotationbatchid":"ann_sample_dw.person_info_20260721134516.455_sql","annotationfilename":"sql-auto-label-sample_dw.person_info_20260721134516.455.xls","annotationstatus":"IMPORTED","annotationrecordcount":300,"validannotationcount":300,"invalidannotationcount":0,"modelsetversion":"dw.person_info@20260721135853.933-job-43d61f46-cee7-43b0-ae80-1202caebe51c","columnname":"id_card","modelversion":"dw.person_info.id_card@20260721135853.933-job-43d61f46-cee7-43b0-ae80-1202caebe51c","modelstatus":"PUBLISHED","classifiertype":"LOGISTIC_REGRESSION","featuredictionaryversion":"160b2bb902fa150428a9c55fae1cf775","strategyplanversion":"0fa6cc8efde1b903440a99b8299f0795","threshold":0.5,"metricjson":"{"conflictingCellCount":0.0,"fallback":0.0,"negativeCount":275.0,"positiveCount":31.0,"predictedPositiveRatio":0.10130718954248366,"qualityGatePassed":1.0,"sampleCount":306.0,"scoreMaximum":0.999999998995297,"scoreMean":0.10130719258023109,"scoreMinimum":1.6258005505417143E-9,"scoreStandardDeviation":0.3017350521815142,"trainingF1":1.0,"trainingPrecision":1.0,"trainingRecall":1.0}","reportzipname":"raha-dettrain_dw.person_info_20260721135929.zip","reportzipurl":"http://localhost:10030/fmdb_report/2026/7/21/raha-dettrain_dw.person_info_20260721135929.zip"},{"status":"SUCCESS","errorcode":null,"errormessage":null,"datasetid":"fmdb-table:dw.person_info","snapshotid":"snapshot_dw.person_info@content-d6f8fc08216579c6a5e5a9df6ce7617a","sourcetype":"SQL","inputreference":null,"createdat":1784642369076,"jobid":"job-43d61f46-cee7-43b0-ae80-1202caebe51c","configversion":"28f100e52b195e873420cab000512643","idempotentkey":"1f85467bc7c054c7c524236dcc4af38d","reused":false,"forcerun":false,"forcerunid":null,"baseexecutioninputfingerprint":"fb46c7070c13f043b88b53d6128e56e6","executioninputfingerprint":"fb46c7070c13f043b88b53d6128e56e6","currentselectrule":"LATEST_SUCCESS_BY_BASE_FINGERPRINT","samplebatchid":"sample_dw.person_info@20260721134516.455","annotationbatchid":"ann_sample_dw.person_info_20260721134516.455_sql","annotationfilename":"sql-auto-label-sample_dw.person_info_20260721134516.455.xls","annotationstatus":"IMPORTED","annotationrecordcount":300,"validannotationcount":300,"invalidannotationcount":0,"modelsetversion":"dw.person_info@20260721135853.933-job-43d61f46-cee7-43b0-ae80-1202caebe51c","columnname":"email","modelversion":"dw.person_info.email@20260721135853.933-job-43d61f46-cee7-43b0-ae80-1202caebe51c","modelstatus":"PUBLISHED","classifiertype":"LOGISTIC_REGRESSION","featuredictionaryversion":"a32c45e94f37eaadfa6fdb7db84cbe87","strategyplanversion":"0fa6cc8efde1b903440a99b8299f0795","threshold":0.5,"metricjson":"{"conflictingCellCount":0.0,"fallback":0.0,"negativeCount":273.0,"positiveCount":32.0,"predictedPositiveRatio":0.10491803278688525,"qualityGatePassed":1.0,"sampleCount":305.0,"scoreMaximum":0.9999999999884104,"scoreMean":0.10491803427316652,"scoreMinimum":1.784143811766986E-9,"scoreStandardDeviation":0.3064477743871304,"trainingF1":1.0,"trainingPrecision":1.0,"trainingRecall":1.0}","reportzipname":"raha-dettrain_dw.person_info_20260721135929.zip","reportzipurl":"http://localhost:10030/fmdb_report/2026/7/21/raha-dettrain_dw.person_info_20260721135929.zip"},{"status":"SUCCESS","errorcode":"FAILED","errormessage":"模型质量门禁拒绝退化模型","datasetid":"fmdb-table:dw.person_info","snapshotid":"snapshot_dw.person_info@content-d6f8fc08216579c6a5e5a9df6ce7617a","sourcetype":"SQL","inputreference":null,"createdat":1784642369076,"jobid":"job-43d61f46-cee7-43b0-ae80-1202caebe51c","configversion":"28f100e52b195e873420cab000512643","idempotentkey":"1f85467bc7c054c7c524236dcc4af38d","reused":false,"forcerun":false,"forcerunid":null,"baseexecutioninputfingerprint":"fb46c7070c13f043b88b53d6128e56e6","executioninputfingerprint":"fb46c7070c13f043b88b53d6128e56e6","currentselectrule":"LATEST_SUCCESS_BY_BASE_FINGERPRINT","samplebatchid":"sample_dw.person_info@20260721134516.455","annotationbatchid":"ann_sample_dw.person_info_20260721134516.455_sql","annotationfilename":"sql-auto-label-sample_dw.person_info_20260721134516.455.xls","annotationstatus":"IMPORTED","annotationrecordcount":300,"validannotationcount":300,"invalidannotationcount":0,"modelsetversion":"dw.person_info@20260721135853.933-job-43d61f46-cee7-43b0-ae80-1202caebe51c","columnname":"home_address","modelversion":null,"modelstatus":"FAILED","classifiertype":null,"featuredictionaryversion":null,"strategyplanversion":null,"threshold":null,"metricjson":"{"conflictingCellCount":0.0,"negativeCount":296.0,"positiveCount":4.0,"predictedPositiveRatio":0.013333333333333334,"qualityGatePassed":0.0,"sampleCount":300.0,"scoreMaximum":0.9999999969836135,"scoreMean":0.013333338019584345,"scoreMinimum":5.324262878579055E-10,"scoreStandardDeviation":0.11469766933182678,"trainingF1":1.0,"trainingPrecision":1.0,"trainingRecall":1.0}","reportzipname":"raha-dettrain_dw.person_info_20260721135929.zip","reportzipurl":"http://localhost:10030/fmdb_report/2026/7/21/raha-dettrain_dw.person_info_20260721135929.zip"}]
Time taken: 354.936 seconds, Fetched 1 row(s)
